pos = 0
nt = U
mutation at pos 0 = G
mutation at pos 0 = C
mutation at pos 0 = A
score = 0.0081
pos = 1
nt = U
mutation at pos 1 = G
mutation at pos 1 = C
mutation at pos 1 = A
score = 0.0054
pos = 2
nt = U
mutation at pos 2 = G
mutation at pos 2 = C
mutation at pos 2 = A
score = 0.0216
pos = 3
nt = A
mutation at pos 3 = G
mutation at pos 3 = C
mutation at pos 3 = U
score = 0.0216
pos = 4
nt = U
mutation at pos 4 = G
mutation at pos 4 = C
mutation at pos 4 = A
score = 0.0243
pos = 5
nt = U
mutation at pos 5 = G
mutation at pos 5 = C
mutation at pos 5 = A
score = 0.0216
pos = 6
nt = A
mutation at pos 6 = G
mutation at pos 6 = C
mutation at pos 6 = U
score = 0.0567
pos = 7
nt = G
mutation at pos 7 = C
mutation at pos 7 = U
mutation at pos 7 = A
score = 0.0594
pos = 8
nt = A
mutation at pos 8 = G
mutation at pos 8 = C
mutation at pos 8 = U
score = 0.0459
pos = 9
nt = A
mutation at pos 9 = G
mutation at pos 9 = C
mutation at pos 9 = U
score = 0.0594
pos = 10
nt = C
mutation at pos 10 = G
mutation at pos 10 = U
mutation at pos 10 = A
score = 0.0378
pos = 11
nt = A
mutation at pos 11 = G
mutation at pos 11 = C
mutation at pos 11 = U
score = 0.027
pos = 12
nt = A
mutation at pos 12 = G
mutation at pos 12 = C
mutation at pos 12 = U
score = 0.0
pos = 13
nt = G
mutation at pos 13 = C
mutation at pos 13 = U
mutation at pos 13 = A
score = 0.0162
pos = 14
nt = A
mutation at pos 14 = G
mutation at pos 14 = C
mutation at pos 14 = U
score = 0.0405
pos = 15
nt = A
mutation at pos 15 = G
mutation at pos 15 = C
mutation at pos 15 = U
score = 0.0337
pos = 16
nt = G
mutation at pos 16 = C
mutation at pos 16 = U
mutation at pos 16 = A
score = 0.0054
pos = 17
nt = U
mutation at pos 17 = G
mutation at pos 17 = C
mutation at pos 17 = A
score = 0.0594
pos = 18
nt = G
mutation at pos 18 = C
mutation at pos 18 = U
mutation at pos 18 = A
score = 0.054
pos = 19
nt = A
mutation at pos 19 = G
mutation at pos 19 = C
mutation at pos 19 = U
score = 0.0486
pos = 20
nt = G
mutation at pos 20 = C
mutation at pos 20 = U
mutation at pos 20 = A
score = 0.0432
pos = 21
nt = G
mutation at pos 21 = C
mutation at pos 21 = U
mutation at pos 21 = A
score = 0.0594
pos = 22
nt = A
mutation at pos 22 = G
mutation at pos 22 = C
mutation at pos 22 = U
score = 0.0675
pos = 23
nt = U
mutation at pos 23 = G
mutation at pos 23 = C
mutation at pos 23 = A
score = 0.0648
pos = 24
nt = A
mutation at pos 24 = G
mutation at pos 24 = C
mutation at pos 24 = U
score = 0.0675
pos = 25
nt = U
mutation at pos 25 = G
mutation at pos 25 = C
mutation at pos 25 = A
score = 0.0054
pos = 26
nt = G
mutation at pos 26 = C
mutation at pos 26 = U
mutation at pos 26 = A
score = 0.0648
pos = 27
nt = A
mutation at pos 27 = G
mutation at pos 27 = C
mutation at pos 27 = U
score = 0.0459
pos = 28
nt = U
mutation at pos 28 = G
mutation at pos 28 = C
mutation at pos 28 = A
score = 0.0027
pos = 29
nt = U
mutation at pos 29 = G
mutation at pos 29 = C
mutation at pos 29 = A
score = 0.0729
pos = 30
nt = A
mutation at pos 30 = G
mutation at pos 30 = C
mutation at pos 30 = U
score = 0.0486
pos = 31
nt = A
mutation at pos 31 = G
mutation at pos 31 = C
mutation at pos 31 = U
score = 0.0486
pos = 32
nt = A
mutation at pos 32 = G
mutation at pos 32 = C
mutation at pos 32 = U
score = 0.0297
pos = 33
nt = C
mutation at pos 33 = G
mutation at pos 33 = U
mutation at pos 33 = A
score = 0.0054
pos = 34
nt = U
mutation at pos 34 = G
mutation at pos 34 = C
mutation at pos 34 = A
score = 0.0054
pos = 35
nt = U
mutation at pos 35 = G
mutation at pos 35 = C
mutation at pos 35 = A
score = 0.0081
pos = 36
nt = U
mutation at pos 36 = G
mutation at pos 36 = C
mutation at pos 36 = A
score = 0.0081
pos = 37
nt = G
mutation at pos 37 = C
mutation at pos 37 = U
mutation at pos 37 = A
score = 0.0162
pos = 38
nt = U
mutation at pos 38 = G
mutation at pos 38 = C
mutation at pos 38 = A
score = 0.0054
pos = 39
nt = U
mutation at pos 39 = G
mutation at pos 39 = C
mutation at pos 39 = A
score = 0.0027
pos = 40
nt = U
mutation at pos 40 = G
mutation at pos 40 = C
mutation at pos 40 = A
score = 0.0054
pos = 41
nt = G
mutation at pos 41 = C
mutation at pos 41 = U
mutation at pos 41 = A
score = 0.0081
pos = 42
nt = A
mutation at pos 42 = G
mutation at pos 42 = C
mutation at pos 42 = U
score = 0.0985
pos = 43
nt = C
mutation at pos 43 = G
mutation at pos 43 = U
mutation at pos 43 = A
score = 0.0081
pos = 44
nt = G
mutation at pos 44 = C
mutation at pos 44 = U
mutation at pos 44 = A
score = 0.0081
pos = 45
nt = A
mutation at pos 45 = G
mutation at pos 45 = C
mutation at pos 45 = U
score = 0.0108
pos = 46
nt = A
mutation at pos 46 = G
mutation at pos 46 = C
mutation at pos 46 = U
score = 0.0108
pos = 47
nt = A
mutation at pos 47 = G
mutation at pos 47 = C
mutation at pos 47 = U
score = 0.0081
pos = 48
nt = C
mutation at pos 48 = G
mutation at pos 48 = U
mutation at pos 48 = A
score = 0.0054
pos = 49
nt = C
mutation at pos 49 = G
mutation at pos 49 = U
mutation at pos 49 = A
score = 0.0081
pos = 50
nt = A
mutation at pos 50 = G
mutation at pos 50 = C
mutation at pos 50 = U
score = 0.0243
pos = 51
nt = G
mutation at pos 51 = C
mutation at pos 51 = U
mutation at pos 51 = A
score = 0.1093
pos = 52
nt = G
mutation at pos 52 = C
mutation at pos 52 = U
mutation at pos 52 = A
score = 0.0162
pos = 53
nt = U
mutation at pos 53 = G
mutation at pos 53 = C
mutation at pos 53 = A
score = 0.1215
pos = 54
nt = C
mutation at pos 54 = G
mutation at pos 54 = U
mutation at pos 54 = A
score = 0.0189
pos = 55
nt = U
mutation at pos 55 = G
mutation at pos 55 = C
mutation at pos 55 = A
score = 0.0958
pos = 56
nt = G
mutation at pos 56 = C
mutation at pos 56 = U
mutation at pos 56 = A
score = 0.0108
pos = 57
nt = U
mutation at pos 57 = G
mutation at pos 57 = C
mutation at pos 57 = A
score = 0.0081
pos = 58
nt = U
mutation at pos 58 = G
mutation at pos 58 = C
mutation at pos 58 = A
score = 0.0108
pos = 59
nt = C
mutation at pos 59 = G
mutation at pos 59 = U
mutation at pos 59 = A
score = 0.0108
pos = 60
nt = C
mutation at pos 60 = G
mutation at pos 60 = U
mutation at pos 60 = A
score = 0.054
pos = 61
nt = G
mutation at pos 61 = C
mutation at pos 61 = U
mutation at pos 61 = A
score = 0.0216
pos = 62
nt = A
mutation at pos 62 = G
mutation at pos 62 = C
mutation at pos 62 = U
score = 0.0027
pos = 63
nt = C
mutation at pos 63 = G
mutation at pos 63 = U
mutation at pos 63 = A
score = 0.027
pos = 64
nt = U
mutation at pos 64 = G
mutation at pos 64 = C
mutation at pos 64 = A
score = 0.054
pos = 65
nt = U
mutation at pos 65 = G
mutation at pos 65 = C
mutation at pos 65 = A
score = 0.1242
pos = 66
nt = U
mutation at pos 66 = G
mutation at pos 66 = C
mutation at pos 66 = A
score = 0.1916
pos = 67
nt = C
mutation at pos 67 = G
mutation at pos 67 = U
mutation at pos 67 = A
score = 0.0162
pos = 68
nt = C
mutation at pos 68 = G
mutation at pos 68 = U
mutation at pos 68 = A
score = 0.1943
pos = 69
nt = G
mutation at pos 69 = C
mutation at pos 69 = U
mutation at pos 69 = A
score = 0.027
pos = 70
nt = A
mutation at pos 70 = G
mutation at pos 70 = C
mutation at pos 70 = U
score = 0.0
pos = 71
nt = C
mutation at pos 71 = G
mutation at pos 71 = U
mutation at pos 71 = A
score = 0.0
pos = 72
nt = U
mutation at pos 72 = G
mutation at pos 72 = C
mutation at pos 72 = A
score = 0.0054
pos = 73
nt = C
mutation at pos 73 = G
mutation at pos 73 = U
mutation at pos 73 = A
score = 0.0378
pos = 74
nt = U
mutation at pos 74 = G
mutation at pos 74 = C
mutation at pos 74 = A
score = 0.0297
pos = 75
nt = G
mutation at pos 75 = C
mutation at pos 75 = U
mutation at pos 75 = A
score = 0.0931
pos = 76
nt = A
mutation at pos 76 = G
mutation at pos 76 = C
mutation at pos 76 = U
score = 0.0108
pos = 77
nt = G
mutation at pos 77 = C
mutation at pos 77 = U
mutation at pos 77 = A
score = 0.0054
pos = 78
nt = U
mutation at pos 78 = G
mutation at pos 78 = C
mutation at pos 78 = A
score = 0.0081
pos = 79
nt = U
mutation at pos 79 = G
mutation at pos 79 = C
mutation at pos 79 = A
score = 0.0
pos = 80
nt = U
mutation at pos 80 = G
mutation at pos 80 = C
mutation at pos 80 = A
score = 0.0243
pos = 81
nt = C
mutation at pos 81 = G
mutation at pos 81 = U
mutation at pos 81 = A
score = 0.0486
pos = 82
nt = G
mutation at pos 82 = C
mutation at pos 82 = U
mutation at pos 82 = A
score = 0.0891
pos = 83
nt = A
mutation at pos 83 = G
mutation at pos 83 = C
mutation at pos 83 = U
score = 0.0405
pos = 84
nt = C
mutation at pos 84 = G
mutation at pos 84 = U
mutation at pos 84 = A
score = 0.0054
pos = 85
nt = U
mutation at pos 85 = G
mutation at pos 85 = C
mutation at pos 85 = A
score = 0.0027
pos = 86
nt = U
mutation at pos 86 = G
mutation at pos 86 = C
mutation at pos 86 = A
score = 0.0297
pos = 87
nt = G
mutation at pos 87 = C
mutation at pos 87 = U
mutation at pos 87 = A
score = 0.0189
pos = 88
nt = U
mutation at pos 88 = G
mutation at pos 88 = C
mutation at pos 88 = A
score = 0.0081
pos = 89
nt = G
mutation at pos 89 = C
mutation at pos 89 = U
mutation at pos 89 = A
score = 0.0108
pos = 90
nt = A
mutation at pos 90 = G
mutation at pos 90 = C
mutation at pos 90 = U
score = 0.0324
pos = 91
nt = G
mutation at pos 91 = C
mutation at pos 91 = U
mutation at pos 91 = A
score = 0.0459
pos = 92
nt = A
mutation at pos 92 = G
mutation at pos 92 = C
mutation at pos 92 = U
score = 0.0297
pos = 93
nt = G
mutation at pos 93 = C
mutation at pos 93 = U
mutation at pos 93 = A
score = 0.0486
pos = 94
nt = A
mutation at pos 94 = G
mutation at pos 94 = C
mutation at pos 94 = U
score = 0.0459
pos = 95
nt = A
mutation at pos 95 = G
mutation at pos 95 = C
mutation at pos 95 = U
score = 0.0162
pos = 96
nt = G
mutation at pos 96 = C
mutation at pos 96 = U
mutation at pos 96 = A
score = 0.0162
pos = 97
nt = G
mutation at pos 97 = C
mutation at pos 97 = U
mutation at pos 97 = A
score = 0.0297
pos = 98
nt = A
mutation at pos 98 = G
mutation at pos 98 = C
mutation at pos 98 = U
score = 0.027
pos = 99
nt = G
mutation at pos 99 = C
mutation at pos 99 = U
mutation at pos 99 = A
score = 0.0297
pos = 100
nt = G
mutation at pos 100 = C
mutation at pos 100 = U
mutation at pos 100 = A
score = 0.0243
pos = 101
nt = A
mutation at pos 101 = G
mutation at pos 101 = C
mutation at pos 101 = U
score = 0.0081
pos = 102
nt = G
mutation at pos 102 = C
mutation at pos 102 = U
mutation at pos 102 = A
score = 0.0054
pos = 103
nt = U
mutation at pos 103 = G
mutation at pos 103 = C
mutation at pos 103 = A
score = 0.027
pos = 104
nt = C
mutation at pos 104 = G
mutation at pos 104 = U
mutation at pos 104 = A
score = 0.0135
pos = 105
nt = G
mutation at pos 105 = C
mutation at pos 105 = U
mutation at pos 105 = A
score = 0.0162
pos = 106
nt = U
mutation at pos 106 = G
mutation at pos 106 = C
mutation at pos 106 = A
score = 0.0081
pos = 107
nt = G
mutation at pos 107 = C
mutation at pos 107 = U
mutation at pos 107 = A
score = 0.0054
pos = 108
nt = G
mutation at pos 108 = C
mutation at pos 108 = U
mutation at pos 108 = A
score = 0.0378
pos = 109
nt = U
mutation at pos 109 = G
mutation at pos 109 = C
mutation at pos 109 = A
score = 0.0324
pos = 110
nt = G
mutation at pos 110 = C
mutation at pos 110 = U
mutation at pos 110 = A
score = 0.0783
pos = 111
nt = A
mutation at pos 111 = G
mutation at pos 111 = C
mutation at pos 111 = U
score = 0.0054
pos = 112
nt = A
mutation at pos 112 = G
mutation at pos 112 = C
mutation at pos 112 = U
score = 0.0054
pos = 113
nt = C
mutation at pos 113 = G
mutation at pos 113 = U
mutation at pos 113 = A
score = 0.027
pos = 114
nt = U
mutation at pos 114 = G
mutation at pos 114 = C
mutation at pos 114 = A
score = 0.0081
pos = 115
nt = U
mutation at pos 115 = G
mutation at pos 115 = C
mutation at pos 115 = A
score = 0.0054
pos = 116
nt = U
mutation at pos 116 = G
mutation at pos 116 = C
mutation at pos 116 = A
score = 0.0
pos = 117
nt = U
mutation at pos 117 = G
mutation at pos 117 = C
mutation at pos 117 = A
score = 0.0108
pos = 118
nt = A
mutation at pos 118 = G
mutation at pos 118 = C
mutation at pos 118 = U
score = 0.0108
pos = 119
nt = U
mutation at pos 119 = G
mutation at pos 119 = C
mutation at pos 119 = A
score = 0.0
pos = 120
nt = U
mutation at pos 120 = G
mutation at pos 120 = C
mutation at pos 120 = A
score = 0.0
pos = 121
nt = A
mutation at pos 121 = G
mutation at pos 121 = C
mutation at pos 121 = U
score = 0.0081
pos = 122
nt = A
mutation at pos 122 = G
mutation at pos 122 = C
mutation at pos 122 = U
score = 0.0
pos = 123
nt = A
mutation at pos 123 = G
mutation at pos 123 = C
mutation at pos 123 = U
score = 0.0
pos = 124
nt = A
mutation at pos 124 = G
mutation at pos 124 = C
mutation at pos 124 = U
score = 0.0135
pos = 125
nt = A
mutation at pos 125 = G
mutation at pos 125 = C
mutation at pos 125 = U
score = 0.0108
pos = 126
nt = A
mutation at pos 126 = G
mutation at pos 126 = C
mutation at pos 126 = U
score = 0.0108
pos = 127
nt = A
mutation at pos 127 = G
mutation at pos 127 = C
mutation at pos 127 = U
score = 0.0
pos = 128
nt = U
mutation at pos 128 = G
mutation at pos 128 = C
mutation at pos 128 = A
score = 0.0
pos = 129
nt = U
mutation at pos 129 = G
mutation at pos 129 = C
mutation at pos 129 = A
score = 0.0054
pos = 130
nt = A
mutation at pos 130 = G
mutation at pos 130 = C
mutation at pos 130 = U
score = 0.0054
pos = 131
nt = G
mutation at pos 131 = C
mutation at pos 131 = U
mutation at pos 131 = A
score = 0.0405
pos = 132
nt = U
mutation at pos 132 = G
mutation at pos 132 = C
mutation at pos 132 = A
score = 0.0297
pos = 133
nt = U
mutation at pos 133 = G
mutation at pos 133 = C
mutation at pos 133 = A
score = 0.0864
pos = 134
nt = C
mutation at pos 134 = G
mutation at pos 134 = U
mutation at pos 134 = A
score = 0.0054
pos = 135
nt = A
mutation at pos 135 = G
mutation at pos 135 = C
mutation at pos 135 = U
score = 0.0054
pos = 136
nt = C
mutation at pos 136 = G
mutation at pos 136 = U
mutation at pos 136 = A
score = 0.0108
pos = 137
nt = U
mutation at pos 137 = G
mutation at pos 137 = C
mutation at pos 137 = A
score = 0.0054
pos = 138
nt = C
mutation at pos 138 = G
mutation at pos 138 = U
mutation at pos 138 = A
score = 0.0135
pos = 139
nt = G
mutation at pos 139 = C
mutation at pos 139 = U
mutation at pos 139 = A
score = 0.0162
pos = 140
nt = U
mutation at pos 140 = G
mutation at pos 140 = C
mutation at pos 140 = A
score = 0.0351
pos = 141
nt = C
mutation at pos 141 = G
mutation at pos 141 = U
mutation at pos 141 = A
score = 0.0216
pos = 142
nt = U
mutation at pos 142 = G
mutation at pos 142 = C
mutation at pos 142 = A
score = 0.0054
pos = 143
nt = U
mutation at pos 143 = G
mutation at pos 143 = C
mutation at pos 143 = A
score = 0.0513
pos = 144
nt = C
mutation at pos 144 = G
mutation at pos 144 = U
mutation at pos 144 = A
score = 0.0567
pos = 145
nt = A
mutation at pos 145 = G
mutation at pos 145 = C
mutation at pos 145 = U
score = 0.0054
pos = 146
nt = A
mutation at pos 146 = G
mutation at pos 146 = C
mutation at pos 146 = U
score = 0.0162
pos = 147
nt = U
mutation at pos 147 = G
mutation at pos 147 = C
mutation at pos 147 = A
score = 0.027
pos = 148
nt = C
mutation at pos 148 = G
mutation at pos 148 = U
mutation at pos 148 = A
score = 0.0405
pos = 149
nt = U
mutation at pos 149 = G
mutation at pos 149 = C
mutation at pos 149 = A
score = 0.0432
pos = 150
nt = C
mutation at pos 150 = G
mutation at pos 150 = U
mutation at pos 150 = A
score = 0.0405
pos = 151
nt = U
mutation at pos 151 = G
mutation at pos 151 = C
mutation at pos 151 = A
score = 0.0351
pos = 152
nt = U
mutation at pos 152 = G
mutation at pos 152 = C
mutation at pos 152 = A
score = 0.0189
pos = 153
nt = G
mutation at pos 153 = C
mutation at pos 153 = U
mutation at pos 153 = A
score = 0.0189
pos = 154
nt = A
mutation at pos 154 = G
mutation at pos 154 = C
mutation at pos 154 = U
score = 0.0081
pos = 155
nt = U
mutation at pos 155 = G
mutation at pos 155 = C
mutation at pos 155 = A
score = 0.0054
pos = 156
nt = C
mutation at pos 156 = G
mutation at pos 156 = U
mutation at pos 156 = A
score = 0.0189
pos = 157
nt = A
mutation at pos 157 = G
mutation at pos 157 = C
mutation at pos 157 = U
score = 0.0405
pos = 158
nt = C
mutation at pos 158 = G
mutation at pos 158 = U
mutation at pos 158 = A
score = 0.0054
pos = 159
nt = U
mutation at pos 159 = G
mutation at pos 159 = C
mutation at pos 159 = A
score = 0.0189
pos = 160
nt = U
mutation at pos 160 = G
mutation at pos 160 = C
mutation at pos 160 = A
score = 0.0486
pos = 161
nt = C
mutation at pos 161 = G
mutation at pos 161 = U
mutation at pos 161 = A
score = 0.0486
pos = 162
nt = G
mutation at pos 162 = C
mutation at pos 162 = U
mutation at pos 162 = A
score = 0.1943
pos = 163
nt = U
mutation at pos 163 = G
mutation at pos 163 = C
mutation at pos 163 = A
score = 0.0351
pos = 164
nt = C
mutation at pos 164 = G
mutation at pos 164 = U
mutation at pos 164 = A
score = 0.0
pos = 165
nt = U
mutation at pos 165 = G
mutation at pos 165 = C
mutation at pos 165 = A
score = 0.0216
pos = 166
nt = C
mutation at pos 166 = G
mutation at pos 166 = U
mutation at pos 166 = A
score = 0.0027
pos = 167
nt = U
mutation at pos 167 = G
mutation at pos 167 = C
mutation at pos 167 = A
score = 0.0135
pos = 168
nt = U
mutation at pos 168 = G
mutation at pos 168 = C
mutation at pos 168 = A
score = 0.0405
pos = 169
nt = C
mutation at pos 169 = G
mutation at pos 169 = U
mutation at pos 169 = A
score = 0.0378
pos = 170
nt = A
mutation at pos 170 = G
mutation at pos 170 = C
mutation at pos 170 = U
score = 0.0405
pos = 171
nt = G
mutation at pos 171 = C
mutation at pos 171 = U
mutation at pos 171 = A
score = 0.0405
pos = 172
nt = G
mutation at pos 172 = C
mutation at pos 172 = U
mutation at pos 172 = A
score = 0.0931
pos = 173
nt = G
mutation at pos 173 = C
mutation at pos 173 = U
mutation at pos 173 = A
score = 0.0405
pos = 174
nt = A
mutation at pos 174 = G
mutation at pos 174 = C
mutation at pos 174 = U
score = 0.054
pos = 175
nt = A
mutation at pos 175 = G
mutation at pos 175 = C
mutation at pos 175 = U
score = 0.0054
pos = 176
nt = A
mutation at pos 176 = G
mutation at pos 176 = C
mutation at pos 176 = U
score = 0.135
pos = 177
nt = G
mutation at pos 177 = C
mutation at pos 177 = U
mutation at pos 177 = A
score = 0.0081
pos = 178
nt = A
mutation at pos 178 = G
mutation at pos 178 = C
mutation at pos 178 = U
score = 0.0054
pos = 179
nt = U
mutation at pos 179 = G
mutation at pos 179 = C
mutation at pos 179 = A
score = 0.0054
pos = 180
nt = G
mutation at pos 180 = C
mutation at pos 180 = U
mutation at pos 180 = A
score = 0.0351
pos = 181
nt = G
mutation at pos 181 = C
mutation at pos 181 = U
mutation at pos 181 = A
score = 0.1026
pos = 182
nt = G
mutation at pos 182 = C
mutation at pos 182 = U
mutation at pos 182 = A
score = 0.0324
pos = 183
nt = A
mutation at pos 183 = G
mutation at pos 183 = C
mutation at pos 183 = U
score = 0.0054
pos = 184
nt = A
mutation at pos 184 = G
mutation at pos 184 = C
mutation at pos 184 = U
score = 0.0297
pos = 185
nt = G
mutation at pos 185 = C
mutation at pos 185 = U
mutation at pos 185 = A
score = 0.0216
pos = 186
nt = A
mutation at pos 186 = G
mutation at pos 186 = C
mutation at pos 186 = U
score = 0.0027
pos = 187
nt = A
mutation at pos 187 = G
mutation at pos 187 = C
mutation at pos 187 = U
score = 0.027
pos = 188
nt = C
mutation at pos 188 = G
mutation at pos 188 = U
mutation at pos 188 = A
score = 0.0216
pos = 189
nt = A
mutation at pos 189 = G
mutation at pos 189 = C
mutation at pos 189 = U
score = 0.0054
pos = 190
nt = C
mutation at pos 190 = G
mutation at pos 190 = U
mutation at pos 190 = A
score = 0.0958
pos = 191
nt = U
mutation at pos 191 = G
mutation at pos 191 = C
mutation at pos 191 = A
score = 0.0378
pos = 192
nt = G
mutation at pos 192 = C
mutation at pos 192 = U
mutation at pos 192 = A
score = 0.0405
pos = 193
nt = A
mutation at pos 193 = G
mutation at pos 193 = C
mutation at pos 193 = U
score = 0.0135
pos = 194
nt = U
mutation at pos 194 = G
mutation at pos 194 = C
mutation at pos 194 = A
score = 0.0
pos = 195
nt = G
mutation at pos 195 = C
mutation at pos 195 = U
mutation at pos 195 = A
score = 0.0054
pos = 196
nt = A
mutation at pos 196 = G
mutation at pos 196 = C
mutation at pos 196 = U
score = 0.0054
pos = 197
nt = G
mutation at pos 197 = C
mutation at pos 197 = U
mutation at pos 197 = A
score = 0.0081
pos = 198
nt = U
mutation at pos 198 = G
mutation at pos 198 = C
mutation at pos 198 = A
score = 0.1889
pos = 199
nt = C
mutation at pos 199 = G
mutation at pos 199 = U
mutation at pos 199 = A
score = 0.0081
pos = 200
nt = U
mutation at pos 200 = G
mutation at pos 200 = C
mutation at pos 200 = A
score = 0.0054
pos = 201
nt = C
mutation at pos 201 = G
mutation at pos 201 = U
mutation at pos 201 = A
score = 0.0054
pos = 202
nt = G
mutation at pos 202 = C
mutation at pos 202 = U
mutation at pos 202 = A
score = 0.0054
pos = 203
nt = C
mutation at pos 203 = G
mutation at pos 203 = U
mutation at pos 203 = A
score = 0.0135
pos = 204
nt = A
mutation at pos 204 = G
mutation at pos 204 = C
mutation at pos 204 = U
score = 0.0054
pos = 205
nt = A
mutation at pos 205 = G
mutation at pos 205 = C
mutation at pos 205 = U
score = 0.0054
pos = 206
nt = G
mutation at pos 206 = C
mutation at pos 206 = U
mutation at pos 206 = A
score = 0.0054
pos = 207
nt = G
mutation at pos 207 = C
mutation at pos 207 = U
mutation at pos 207 = A
score = 0.0594
pos = 208
nt = U
mutation at pos 208 = G
mutation at pos 208 = C
mutation at pos 208 = A
score = 0.0567
pos = 209
nt = U
mutation at pos 209 = G
mutation at pos 209 = C
mutation at pos 209 = A
score = 0.0756
pos = 210
nt = U
mutation at pos 210 = G
mutation at pos 210 = C
mutation at pos 210 = A
score = 0.0783
pos = 211
nt = A
mutation at pos 211 = G
mutation at pos 211 = C
mutation at pos 211 = U
score = 0.0432
pos = 212
nt = C
mutation at pos 212 = G
mutation at pos 212 = U
mutation at pos 212 = A
score = 0.0054
pos = 213
nt = U
mutation at pos 213 = G
mutation at pos 213 = C
mutation at pos 213 = A
score = 0.054
pos = 214
nt = C
mutation at pos 214 = G
mutation at pos 214 = U
mutation at pos 214 = A
score = 0.0135
pos = 215
nt = C
mutation at pos 215 = G
mutation at pos 215 = U
mutation at pos 215 = A
score = 0.0081
pos = 216
nt = U
mutation at pos 216 = G
mutation at pos 216 = C
mutation at pos 216 = A
score = 0.0189
pos = 217
nt = C
mutation at pos 217 = G
mutation at pos 217 = U
mutation at pos 217 = A
score = 0.0054
pos = 218
nt = U
mutation at pos 218 = G
mutation at pos 218 = C
mutation at pos 218 = A
score = 0.0594
pos = 219
nt = A
mutation at pos 219 = G
mutation at pos 219 = C
mutation at pos 219 = U
score = 0.0297
pos = 220
nt = U
mutation at pos 220 = G
mutation at pos 220 = C
mutation at pos 220 = A
score = 0.0594
pos = 221
nt = C
mutation at pos 221 = G
mutation at pos 221 = U
mutation at pos 221 = A
score = 0.0702
pos = 222
nt = U
mutation at pos 222 = G
mutation at pos 222 = C
mutation at pos 222 = A
score = 0.0135
pos = 223
nt = U
mutation at pos 223 = G
mutation at pos 223 = C
mutation at pos 223 = A
score = 0.027
pos = 224
nt = C
mutation at pos 224 = G
mutation at pos 224 = U
mutation at pos 224 = A
score = 0.0432
pos = 225
nt = A
mutation at pos 225 = G
mutation at pos 225 = C
mutation at pos 225 = U
score = 0.0486
pos = 226
nt = U
mutation at pos 226 = G
mutation at pos 226 = C
mutation at pos 226 = A
score = 0.0823
pos = 227
nt = U
mutation at pos 227 = G
mutation at pos 227 = C
mutation at pos 227 = A
score = 0.0729
pos = 228
nt = G
mutation at pos 228 = C
mutation at pos 228 = U
mutation at pos 228 = A
score = 0.0594
pos = 229
nt = U
mutation at pos 229 = G
mutation at pos 229 = C
mutation at pos 229 = A
score = 0.0756
pos = 230
nt = U
mutation at pos 230 = G
mutation at pos 230 = C
mutation at pos 230 = A
score = 0.0594
pos = 231
nt = U
mutation at pos 231 = G
mutation at pos 231 = C
mutation at pos 231 = A
score = 0.0405
pos = 232
nt = U
mutation at pos 232 = G
mutation at pos 232 = C
mutation at pos 232 = A
score = 0.0513
pos = 233
nt = U
mutation at pos 233 = G
mutation at pos 233 = C
mutation at pos 233 = A
score = 0.0243
pos = 234
nt = U
mutation at pos 234 = G
mutation at pos 234 = C
mutation at pos 234 = A
score = 0.0351
pos = 235
nt = U
mutation at pos 235 = G
mutation at pos 235 = C
mutation at pos 235 = A
score = 0.0756
pos = 236
nt = A
mutation at pos 236 = G
mutation at pos 236 = C
mutation at pos 236 = U
score = 0.0297
pos = 237
nt = C
mutation at pos 237 = G
mutation at pos 237 = U
mutation at pos 237 = A
score = 0.0108
pos = 238
nt = A
mutation at pos 238 = G
mutation at pos 238 = C
mutation at pos 238 = U
score = 0.0
pos = 239
nt = A
mutation at pos 239 = G
mutation at pos 239 = C
mutation at pos 239 = U
score = 0.0
pos = 240
nt = A
mutation at pos 240 = G
mutation at pos 240 = C
mutation at pos 240 = U
score = 0.0
pos = 241
nt = A
mutation at pos 241 = G
mutation at pos 241 = C
mutation at pos 241 = U
score = 0.0
pos = 242
nt = U
mutation at pos 242 = G
mutation at pos 242 = C
mutation at pos 242 = A
score = 0.0
pos = 243
nt = C
mutation at pos 243 = G
mutation at pos 243 = U
mutation at pos 243 = A
score = 0.0
pos = 244
nt = U
mutation at pos 244 = G
mutation at pos 244 = C
mutation at pos 244 = A
score = 0.0
pos = 245
nt = U
mutation at pos 245 = G
mutation at pos 245 = C
mutation at pos 245 = A
score = 0.0
pos = 246
nt = G
mutation at pos 246 = C
mutation at pos 246 = U
mutation at pos 246 = A
score = 0.0
most effective mutation pos = 68 score = 0.1943
