pos = 0
nt = A
mutation at pos 0 = G
mutation at pos 0 = C
mutation at pos 0 = U
score = 0.0
pos = 1
nt = A
mutation at pos 1 = G
mutation at pos 1 = C
mutation at pos 1 = U
score = 0.0
pos = 2
nt = C
mutation at pos 2 = G
mutation at pos 2 = U
mutation at pos 2 = A
score = 0.0
pos = 3
nt = C
mutation at pos 3 = G
mutation at pos 3 = U
mutation at pos 3 = A
score = 0.0
pos = 4
nt = C
mutation at pos 4 = G
mutation at pos 4 = U
mutation at pos 4 = A
score = 0.0
pos = 5
nt = A
mutation at pos 5 = G
mutation at pos 5 = C
mutation at pos 5 = U
score = 0.0
pos = 6
nt = U
mutation at pos 6 = G
mutation at pos 6 = C
mutation at pos 6 = A
score = 0.0059
pos = 7
nt = A
mutation at pos 7 = G
mutation at pos 7 = C
mutation at pos 7 = U
score = 0.002
pos = 8
nt = A
mutation at pos 8 = G
mutation at pos 8 = C
mutation at pos 8 = U
score = 0.004
pos = 9
nt = G
mutation at pos 9 = C
mutation at pos 9 = U
mutation at pos 9 = A
score = 0.0119
pos = 10
nt = U
mutation at pos 10 = G
mutation at pos 10 = C
mutation at pos 10 = A
score = 0.0237
pos = 11
nt = U
mutation at pos 11 = G
mutation at pos 11 = C
mutation at pos 11 = A
score = 0.0059
pos = 12
nt = U
mutation at pos 12 = G
mutation at pos 12 = C
mutation at pos 12 = A
score = 0.0198
pos = 13
nt = C
mutation at pos 13 = G
mutation at pos 13 = U
mutation at pos 13 = A
score = 0.004
pos = 14
nt = G
mutation at pos 14 = C
mutation at pos 14 = U
mutation at pos 14 = A
score = 0.0237
pos = 15
nt = C
mutation at pos 15 = G
mutation at pos 15 = U
mutation at pos 15 = A
score = 0.0732
pos = 16
nt = C
mutation at pos 16 = G
mutation at pos 16 = U
mutation at pos 16 = A
score = 0.0732
pos = 17
nt = G
mutation at pos 17 = C
mutation at pos 17 = U
mutation at pos 17 = A
score = 0.0732
pos = 18
nt = U
mutation at pos 18 = G
mutation at pos 18 = C
mutation at pos 18 = A
score = 0.0297
pos = 19
nt = A
mutation at pos 19 = G
mutation at pos 19 = C
mutation at pos 19 = U
score = 0.002
pos = 20
nt = U
mutation at pos 20 = G
mutation at pos 20 = C
mutation at pos 20 = A
score = 0.0
pos = 21
nt = C
mutation at pos 21 = G
mutation at pos 21 = U
mutation at pos 21 = A
score = 0.0277
pos = 22
nt = U
mutation at pos 22 = G
mutation at pos 22 = C
mutation at pos 22 = A
score = 0.0
pos = 23
nt = C
mutation at pos 23 = G
mutation at pos 23 = U
mutation at pos 23 = A
score = 0.0
pos = 24
nt = A
mutation at pos 24 = G
mutation at pos 24 = C
mutation at pos 24 = U
score = 0.002
pos = 25
nt = A
mutation at pos 25 = G
mutation at pos 25 = C
mutation at pos 25 = U
score = 0.0297
pos = 26
nt = C
mutation at pos 26 = G
mutation at pos 26 = U
mutation at pos 26 = A
score = 0.0772
pos = 27
nt = G
mutation at pos 27 = C
mutation at pos 27 = U
mutation at pos 27 = A
score = 0.0732
pos = 28
nt = G
mutation at pos 28 = C
mutation at pos 28 = U
mutation at pos 28 = A
score = 0.0336
pos = 29
nt = C
mutation at pos 29 = G
mutation at pos 29 = U
mutation at pos 29 = A
score = 0.004
pos = 30
nt = U
mutation at pos 30 = G
mutation at pos 30 = C
mutation at pos 30 = A
score = 0.0059
pos = 31
nt = C
mutation at pos 31 = G
mutation at pos 31 = U
mutation at pos 31 = A
score = 0.0079
pos = 32
nt = A
mutation at pos 32 = G
mutation at pos 32 = C
mutation at pos 32 = U
score = 0.004
pos = 33
nt = U
mutation at pos 33 = G
mutation at pos 33 = C
mutation at pos 33 = A
score = 0.0059
pos = 34
nt = C
mutation at pos 34 = G
mutation at pos 34 = U
mutation at pos 34 = A
score = 0.004
pos = 35
nt = A
mutation at pos 35 = G
mutation at pos 35 = C
mutation at pos 35 = U
score = 0.004
pos = 36
nt = G
mutation at pos 36 = C
mutation at pos 36 = U
mutation at pos 36 = A
score = 0.0059
pos = 37
nt = U
mutation at pos 37 = G
mutation at pos 37 = C
mutation at pos 37 = A
score = 0.0119
pos = 38
nt = G
mutation at pos 38 = C
mutation at pos 38 = U
mutation at pos 38 = A
score = 0.0059
pos = 39
nt = G
mutation at pos 39 = C
mutation at pos 39 = U
mutation at pos 39 = A
score = 0.002
pos = 40
nt = G
mutation at pos 40 = C
mutation at pos 40 = U
mutation at pos 40 = A
score = 0.0059
pos = 41
nt = C
mutation at pos 41 = G
mutation at pos 41 = U
mutation at pos 41 = A
score = 0.0079
pos = 42
nt = U
mutation at pos 42 = G
mutation at pos 42 = C
mutation at pos 42 = A
score = 0.0059
pos = 43
nt = A
mutation at pos 43 = G
mutation at pos 43 = C
mutation at pos 43 = U
score = 0.004
pos = 44
nt = A
mutation at pos 44 = G
mutation at pos 44 = C
mutation at pos 44 = U
score = 0.004
pos = 45
nt = G
mutation at pos 45 = C
mutation at pos 45 = U
mutation at pos 45 = A
score = 0.0119
pos = 46
nt = C
mutation at pos 46 = G
mutation at pos 46 = U
mutation at pos 46 = A
score = 0.004
pos = 47
nt = C
mutation at pos 47 = G
mutation at pos 47 = U
mutation at pos 47 = A
score = 0.004
pos = 48
nt = C
mutation at pos 48 = G
mutation at pos 48 = U
mutation at pos 48 = A
score = 0.004
pos = 49
nt = A
mutation at pos 49 = G
mutation at pos 49 = C
mutation at pos 49 = U
score = 0.1721
pos = 50
nt = G
mutation at pos 50 = C
mutation at pos 50 = U
mutation at pos 50 = A
score = 0.2591
pos = 51
nt = A
mutation at pos 51 = G
mutation at pos 51 = C
mutation at pos 51 = U
score = 0.1701
pos = 52
nt = C
mutation at pos 52 = G
mutation at pos 52 = U
mutation at pos 52 = A
score = 0.0079
pos = 53
nt = U
mutation at pos 53 = G
mutation at pos 53 = C
mutation at pos 53 = A
score = 0.0099
pos = 54
nt = U
mutation at pos 54 = G
mutation at pos 54 = C
mutation at pos 54 = A
score = 0.004
pos = 55
nt = A
mutation at pos 55 = G
mutation at pos 55 = C
mutation at pos 55 = U
score = 0.0485
pos = 56
nt = U
mutation at pos 56 = G
mutation at pos 56 = C
mutation at pos 56 = A
score = 0.0059
pos = 57
nt = G
mutation at pos 57 = C
mutation at pos 57 = U
mutation at pos 57 = A
score = 0.1187
pos = 58
nt = A
mutation at pos 58 = G
mutation at pos 58 = C
mutation at pos 58 = U
score = 0.1187
pos = 59
nt = G
mutation at pos 59 = C
mutation at pos 59 = U
mutation at pos 59 = A
score = 0.0574
pos = 60
nt = A
mutation at pos 60 = G
mutation at pos 60 = C
mutation at pos 60 = U
score = 0.1583
pos = 61
nt = G
mutation at pos 61 = C
mutation at pos 61 = U
mutation at pos 61 = A
score = 0.0861
pos = 62
nt = A
mutation at pos 62 = G
mutation at pos 62 = C
mutation at pos 62 = U
score = 0.004
pos = 63
nt = G
mutation at pos 63 = C
mutation at pos 63 = U
mutation at pos 63 = A
score = 0.0119
pos = 64
nt = U
mutation at pos 64 = G
mutation at pos 64 = C
mutation at pos 64 = A
score = 0.0574
pos = 65
nt = G
mutation at pos 65 = C
mutation at pos 65 = U
mutation at pos 65 = A
score = 0.0
pos = 66
nt = G
mutation at pos 66 = C
mutation at pos 66 = U
mutation at pos 66 = A
score = 0.0831
pos = 67
nt = U
mutation at pos 67 = G
mutation at pos 67 = C
mutation at pos 67 = A
score = 0.0
pos = 68
nt = U
mutation at pos 68 = G
mutation at pos 68 = C
mutation at pos 68 = A
score = 0.0396
pos = 69
nt = G
mutation at pos 69 = C
mutation at pos 69 = U
mutation at pos 69 = A
score = 0.0079
pos = 70
nt = C
mutation at pos 70 = G
mutation at pos 70 = U
mutation at pos 70 = A
score = 0.0158
pos = 71
nt = C
mutation at pos 71 = G
mutation at pos 71 = U
mutation at pos 71 = A
score = 0.0989
pos = 72
nt = U
mutation at pos 72 = G
mutation at pos 72 = C
mutation at pos 72 = A
score = 0.0682
pos = 73
nt = U
mutation at pos 73 = G
mutation at pos 73 = C
mutation at pos 73 = A
score = 0.0504
pos = 74
nt = U
mutation at pos 74 = G
mutation at pos 74 = C
mutation at pos 74 = A
score = 0.1108
pos = 75
nt = C
mutation at pos 75 = G
mutation at pos 75 = U
mutation at pos 75 = A
score = 0.0979
pos = 76
nt = A
mutation at pos 76 = G
mutation at pos 76 = C
mutation at pos 76 = U
score = 0.1197
pos = 77
nt = G
mutation at pos 77 = C
mutation at pos 77 = U
mutation at pos 77 = A
score = 0.0791
pos = 78
nt = C
mutation at pos 78 = G
mutation at pos 78 = U
mutation at pos 78 = A
score = 0.2285
pos = 79
nt = C
mutation at pos 79 = G
mutation at pos 79 = U
mutation at pos 79 = A
score = 0.1266
pos = 80
nt = C
mutation at pos 80 = G
mutation at pos 80 = U
mutation at pos 80 = A
score = 0.1434
pos = 81
nt = C
mutation at pos 81 = G
mutation at pos 81 = U
mutation at pos 81 = A
score = 0.1543
pos = 82
nt = U
mutation at pos 82 = G
mutation at pos 82 = C
mutation at pos 82 = A
score = 0.2018
pos = 83
nt = C
mutation at pos 83 = G
mutation at pos 83 = U
mutation at pos 83 = A
score = 0.0
pos = 84
nt = C
mutation at pos 84 = G
mutation at pos 84 = U
mutation at pos 84 = A
score = 0.0
pos = 85
nt = A
mutation at pos 85 = G
mutation at pos 85 = C
mutation at pos 85 = U
score = 0.0
pos = 86
nt = C
mutation at pos 86 = G
mutation at pos 86 = U
mutation at pos 86 = A
score = 0.0
pos = 87
nt = C
mutation at pos 87 = G
mutation at pos 87 = U
mutation at pos 87 = A
score = 0.0
pos = 88
nt = U
mutation at pos 88 = G
mutation at pos 88 = C
mutation at pos 88 = A
score = 0.0297
pos = 89
nt = U
mutation at pos 89 = G
mutation at pos 89 = C
mutation at pos 89 = A
score = 0.0475
pos = 90
nt = G
mutation at pos 90 = C
mutation at pos 90 = U
mutation at pos 90 = A
score = 0.1246
pos = 91
nt = G
mutation at pos 91 = C
mutation at pos 91 = U
mutation at pos 91 = A
score = 0.1622
pos = 92
nt = G
mutation at pos 92 = C
mutation at pos 92 = U
mutation at pos 92 = A
score = 0.182
pos = 93
nt = G
mutation at pos 93 = C
mutation at pos 93 = U
mutation at pos 93 = A
score = 0.0712
pos = 94
nt = U
mutation at pos 94 = G
mutation at pos 94 = C
mutation at pos 94 = A
score = 0.0445
pos = 95
nt = G
mutation at pos 95 = C
mutation at pos 95 = U
mutation at pos 95 = A
score = 0.1187
pos = 96
nt = C
mutation at pos 96 = G
mutation at pos 96 = U
mutation at pos 96 = A
score = 0.087
pos = 97
nt = C
mutation at pos 97 = G
mutation at pos 97 = U
mutation at pos 97 = A
score = 0.1187
pos = 98
nt = C
mutation at pos 98 = G
mutation at pos 98 = U
mutation at pos 98 = A
score = 0.087
pos = 99
nt = U
mutation at pos 99 = G
mutation at pos 99 = C
mutation at pos 99 = A
score = 0.183
pos = 100
nt = A
mutation at pos 100 = G
mutation at pos 100 = C
mutation at pos 100 = U
score = 0.3076
pos = 101
nt = U
mutation at pos 101 = G
mutation at pos 101 = C
mutation at pos 101 = A
score = 0.179
pos = 102
nt = U
mutation at pos 102 = G
mutation at pos 102 = C
mutation at pos 102 = A
score = 0.0059
pos = 103
nt = C
mutation at pos 103 = G
mutation at pos 103 = U
mutation at pos 103 = A
score = 0.0158
pos = 104
nt = G
mutation at pos 104 = C
mutation at pos 104 = U
mutation at pos 104 = A
score = 0.0237
pos = 105
nt = G
mutation at pos 105 = C
mutation at pos 105 = U
mutation at pos 105 = A
score = 0.0633
pos = 106
nt = A
mutation at pos 106 = G
mutation at pos 106 = C
mutation at pos 106 = U
score = 0.1968
pos = 107
nt = C
mutation at pos 107 = G
mutation at pos 107 = U
mutation at pos 107 = A
score = 0.2117
pos = 108
nt = A
mutation at pos 108 = G
mutation at pos 108 = C
mutation at pos 108 = U
score = 0.1118
pos = 109
nt = C
mutation at pos 109 = G
mutation at pos 109 = U
mutation at pos 109 = A
score = 0.0119
pos = 110
nt = U
mutation at pos 110 = G
mutation at pos 110 = C
mutation at pos 110 = A
score = 0.1039
pos = 111
nt = G
mutation at pos 111 = C
mutation at pos 111 = U
mutation at pos 111 = A
score = 0.0
pos = 112
nt = C
mutation at pos 112 = G
mutation at pos 112 = U
mutation at pos 112 = A
score = 0.0
pos = 113
nt = A
mutation at pos 113 = G
mutation at pos 113 = C
mutation at pos 113 = U
score = 0.0
pos = 114
nt = G
mutation at pos 114 = C
mutation at pos 114 = U
mutation at pos 114 = A
score = 0.0119
pos = 115
nt = U
mutation at pos 115 = G
mutation at pos 115 = C
mutation at pos 115 = A
score = 0.0119
pos = 116
nt = U
mutation at pos 116 = G
mutation at pos 116 = C
mutation at pos 116 = A
score = 0.0119
pos = 117
nt = C
mutation at pos 117 = G
mutation at pos 117 = U
mutation at pos 117 = A
score = 0.0178
pos = 118
nt = C
mutation at pos 118 = G
mutation at pos 118 = U
mutation at pos 118 = A
score = 0.0158
pos = 119
nt = G
mutation at pos 119 = C
mutation at pos 119 = U
mutation at pos 119 = A
score = 0.0178
pos = 120
nt = A
mutation at pos 120 = G
mutation at pos 120 = C
mutation at pos 120 = U
score = 0.1464
pos = 121
nt = U
mutation at pos 121 = G
mutation at pos 121 = C
mutation at pos 121 = A
score = 0.1167
pos = 122
nt = A
mutation at pos 122 = G
mutation at pos 122 = C
mutation at pos 122 = U
score = 0.182
pos = 123
nt = G
mutation at pos 123 = C
mutation at pos 123 = U
mutation at pos 123 = A
score = 0.0198
pos = 124
nt = A
mutation at pos 124 = G
mutation at pos 124 = C
mutation at pos 124 = U
score = 0.0376
pos = 125
nt = A
mutation at pos 125 = G
mutation at pos 125 = C
mutation at pos 125 = U
score = 0.0356
pos = 126
nt = A
mutation at pos 126 = G
mutation at pos 126 = C
mutation at pos 126 = U
score = 0.0079
pos = 127
nt = G
mutation at pos 127 = C
mutation at pos 127 = U
mutation at pos 127 = A
score = 0.1197
pos = 128
nt = G
mutation at pos 128 = C
mutation at pos 128 = U
mutation at pos 128 = A
score = 0.1494
pos = 129
nt = C
mutation at pos 129 = G
mutation at pos 129 = U
mutation at pos 129 = A
score = 0.2146
pos = 130
nt = U
mutation at pos 130 = G
mutation at pos 130 = C
mutation at pos 130 = A
score = 0.1434
pos = 131
nt = A
mutation at pos 131 = G
mutation at pos 131 = C
mutation at pos 131 = U
score = 0.1919
pos = 132
nt = A
mutation at pos 132 = G
mutation at pos 132 = C
mutation at pos 132 = U
score = 0.0969
pos = 133
nt = G
mutation at pos 133 = C
mutation at pos 133 = U
mutation at pos 133 = A
score = 0.0831
pos = 134
nt = C
mutation at pos 134 = G
mutation at pos 134 = U
mutation at pos 134 = A
score = 0.002
pos = 135
nt = A
mutation at pos 135 = G
mutation at pos 135 = C
mutation at pos 135 = U
score = 0.0415
pos = 136
nt = C
mutation at pos 136 = G
mutation at pos 136 = U
mutation at pos 136 = A
score = 0.0861
pos = 137
nt = C
mutation at pos 137 = G
mutation at pos 137 = U
mutation at pos 137 = A
score = 0.1227
pos = 138
nt = U
mutation at pos 138 = G
mutation at pos 138 = C
mutation at pos 138 = A
score = 0.2354
pos = 139
nt = C
mutation at pos 139 = G
mutation at pos 139 = U
mutation at pos 139 = A
score = 0.3116
pos = 140
nt = G
mutation at pos 140 = C
mutation at pos 140 = U
mutation at pos 140 = A
score = 0.0811
pos = 141
nt = C
mutation at pos 141 = G
mutation at pos 141 = U
mutation at pos 141 = A
score = 0.0
pos = 142
nt = A
mutation at pos 142 = G
mutation at pos 142 = C
mutation at pos 142 = U
score = 0.1039
pos = 143
nt = A
mutation at pos 143 = G
mutation at pos 143 = C
mutation at pos 143 = U
score = 0.0851
pos = 144
nt = U
mutation at pos 144 = G
mutation at pos 144 = C
mutation at pos 144 = A
score = 0.1048
pos = 145
nt = G
mutation at pos 145 = C
mutation at pos 145 = U
mutation at pos 145 = A
score = 0.1236
pos = 146
nt = A
mutation at pos 146 = G
mutation at pos 146 = C
mutation at pos 146 = U
score = 0.2107
pos = 147
nt = G
mutation at pos 147 = C
mutation at pos 147 = U
mutation at pos 147 = A
score = 0.1207
pos = 148
nt = G
mutation at pos 148 = C
mutation at pos 148 = U
mutation at pos 148 = A
score = 0.1187
pos = 149
nt = U
mutation at pos 149 = G
mutation at pos 149 = C
mutation at pos 149 = A
score = 0.3017
pos = 150
nt = A
mutation at pos 150 = G
mutation at pos 150 = C
mutation at pos 150 = U
score = 0.2255
pos = 151
nt = A
mutation at pos 151 = G
mutation at pos 151 = C
mutation at pos 151 = U
score = 0.0435
pos = 152
nt = G
mutation at pos 152 = C
mutation at pos 152 = U
mutation at pos 152 = A
score = 0.0
pos = 153
nt = G
mutation at pos 153 = C
mutation at pos 153 = U
mutation at pos 153 = A
score = 0.0119
pos = 154
nt = U
mutation at pos 154 = G
mutation at pos 154 = C
mutation at pos 154 = A
score = 0.088
pos = 155
nt = G
mutation at pos 155 = C
mutation at pos 155 = U
mutation at pos 155 = A
score = 0.2918
pos = 156
nt = G
mutation at pos 156 = C
mutation at pos 156 = U
mutation at pos 156 = A
score = 0.3056
pos = 157
nt = G
mutation at pos 157 = C
mutation at pos 157 = U
mutation at pos 157 = A
score = 0.2067
pos = 158
nt = A
mutation at pos 158 = G
mutation at pos 158 = C
mutation at pos 158 = U
score = 0.2394
pos = 159
nt = C
mutation at pos 159 = G
mutation at pos 159 = U
mutation at pos 159 = A
score = 0.1958
pos = 160
nt = U
mutation at pos 160 = G
mutation at pos 160 = C
mutation at pos 160 = A
score = 0.1444
pos = 161
nt = U
mutation at pos 161 = G
mutation at pos 161 = C
mutation at pos 161 = A
score = 0.0544
pos = 162
nt = U
mutation at pos 162 = G
mutation at pos 162 = C
mutation at pos 162 = A
score = 0.2364
pos = 163
nt = U
mutation at pos 163 = G
mutation at pos 163 = C
mutation at pos 163 = A
score = 0.2512
pos = 164
nt = C
mutation at pos 164 = G
mutation at pos 164 = U
mutation at pos 164 = A
score = 0.2938
pos = 165
nt = C
mutation at pos 165 = G
mutation at pos 165 = U
mutation at pos 165 = A
score = 0.3116
pos = 166
nt = U
mutation at pos 166 = G
mutation at pos 166 = C
mutation at pos 166 = A
score = 0.1602
pos = 167
nt = U
mutation at pos 167 = G
mutation at pos 167 = C
mutation at pos 167 = A
score = 0.2067
pos = 168
nt = C
mutation at pos 168 = G
mutation at pos 168 = U
mutation at pos 168 = A
score = 0.2997
pos = 169
nt = U
mutation at pos 169 = G
mutation at pos 169 = C
mutation at pos 169 = A
score = 0.0999
pos = 170
nt = G
mutation at pos 170 = C
mutation at pos 170 = U
mutation at pos 170 = A
score = 0.1919
pos = 171
nt = G
mutation at pos 171 = C
mutation at pos 171 = U
mutation at pos 171 = A
score = 0.2166
pos = 172
nt = A
mutation at pos 172 = G
mutation at pos 172 = C
mutation at pos 172 = U
score = 0.004
pos = 173
nt = A
mutation at pos 173 = G
mutation at pos 173 = C
mutation at pos 173 = U
score = 0.004
pos = 174
nt = C
mutation at pos 174 = G
mutation at pos 174 = U
mutation at pos 174 = A
score = 0.3116
pos = 175
nt = C
mutation at pos 175 = G
mutation at pos 175 = U
mutation at pos 175 = A
score = 0.3126
pos = 176
nt = A
mutation at pos 176 = G
mutation at pos 176 = C
mutation at pos 176 = U
score = 0.2077
pos = 177
nt = A
mutation at pos 177 = G
mutation at pos 177 = C
mutation at pos 177 = U
score = 0.2087
pos = 178
nt = G
mutation at pos 178 = C
mutation at pos 178 = U
mutation at pos 178 = A
score = 0.0
pos = 179
nt = C
mutation at pos 179 = G
mutation at pos 179 = U
mutation at pos 179 = A
score = 0.0
pos = 180
nt = G
mutation at pos 180 = C
mutation at pos 180 = U
mutation at pos 180 = A
score = 0.0
pos = 181
nt = G
mutation at pos 181 = C
mutation at pos 181 = U
mutation at pos 181 = A
score = 0.0
pos = 182
nt = U
mutation at pos 182 = G
mutation at pos 182 = C
mutation at pos 182 = A
score = 0.3096
pos = 183
nt = U
mutation at pos 183 = G
mutation at pos 183 = C
mutation at pos 183 = A
score = 0.3116
pos = 184
nt = G
mutation at pos 184 = C
mutation at pos 184 = U
mutation at pos 184 = A
score = 0.3116
pos = 185
nt = G
mutation at pos 185 = C
mutation at pos 185 = U
mutation at pos 185 = A
score = 0.3116
pos = 186
nt = U
mutation at pos 186 = G
mutation at pos 186 = C
mutation at pos 186 = A
score = 0.3116
pos = 187
nt = U
mutation at pos 187 = G
mutation at pos 187 = C
mutation at pos 187 = A
score = 0.3116
pos = 188
nt = C
mutation at pos 188 = G
mutation at pos 188 = U
mutation at pos 188 = A
score = 0.2077
pos = 189
nt = C
mutation at pos 189 = G
mutation at pos 189 = U
mutation at pos 189 = A
score = 0.1058
pos = 190
nt = G
mutation at pos 190 = C
mutation at pos 190 = U
mutation at pos 190 = A
score = 0.2878
pos = 191
nt = A
mutation at pos 191 = G
mutation at pos 191 = C
mutation at pos 191 = U
score = 0.2898
pos = 192
nt = G
mutation at pos 192 = C
mutation at pos 192 = U
mutation at pos 192 = A
score = 0.1939
pos = 193
nt = G
mutation at pos 193 = C
mutation at pos 193 = U
mutation at pos 193 = A
score = 0.2591
pos = 194
nt = G
mutation at pos 194 = C
mutation at pos 194 = U
mutation at pos 194 = A
score = 0.3086
pos = 195
nt = G
mutation at pos 195 = C
mutation at pos 195 = U
mutation at pos 195 = A
score = 0.2483
pos = 196
nt = G
mutation at pos 196 = C
mutation at pos 196 = U
mutation at pos 196 = A
score = 0.2967
pos = 197
nt = G
mutation at pos 197 = C
mutation at pos 197 = U
mutation at pos 197 = A
score = 0.2997
pos = 198
nt = U
mutation at pos 198 = G
mutation at pos 198 = C
mutation at pos 198 = A
score = 0.2631
pos = 199
nt = G
mutation at pos 199 = C
mutation at pos 199 = U
mutation at pos 199 = A
score = 0.002
pos = 200
nt = U
mutation at pos 200 = G
mutation at pos 200 = C
mutation at pos 200 = A
score = 0.0099
pos = 201
nt = G
mutation at pos 201 = C
mutation at pos 201 = U
mutation at pos 201 = A
score = 0.0158
pos = 202
nt = A
mutation at pos 202 = G
mutation at pos 202 = C
mutation at pos 202 = U
score = 0.273
pos = 203
nt = U
mutation at pos 203 = G
mutation at pos 203 = C
mutation at pos 203 = A
score = 0.0059
pos = 204
nt = C
mutation at pos 204 = G
mutation at pos 204 = U
mutation at pos 204 = A
score = 0.1009
pos = 205
nt = C
mutation at pos 205 = G
mutation at pos 205 = U
mutation at pos 205 = A
score = 0.1048
pos = 206
nt = A
mutation at pos 206 = G
mutation at pos 206 = C
mutation at pos 206 = U
score = 0.0119
pos = 207
nt = G
mutation at pos 207 = C
mutation at pos 207 = U
mutation at pos 207 = A
score = 0.2245
pos = 208
nt = G
mutation at pos 208 = C
mutation at pos 208 = U
mutation at pos 208 = A
score = 0.2908
pos = 209
nt = U
mutation at pos 209 = G
mutation at pos 209 = C
mutation at pos 209 = A
score = 0.1998
pos = 210
nt = A
mutation at pos 210 = G
mutation at pos 210 = C
mutation at pos 210 = U
score = 0.1424
pos = 211
nt = C
mutation at pos 211 = G
mutation at pos 211 = U
mutation at pos 211 = A
score = 0.1029
pos = 212
nt = C
mutation at pos 212 = G
mutation at pos 212 = U
mutation at pos 212 = A
score = 0.1988
pos = 213
nt = G
mutation at pos 213 = C
mutation at pos 213 = U
mutation at pos 213 = A
score = 0.2859
pos = 214
nt = C
mutation at pos 214 = G
mutation at pos 214 = U
mutation at pos 214 = A
score = 0.0138
pos = 215
nt = C
mutation at pos 215 = G
mutation at pos 215 = U
mutation at pos 215 = A
score = 0.2938
pos = 216
nt = G
mutation at pos 216 = C
mutation at pos 216 = U
mutation at pos 216 = A
score = 0.2938
pos = 217
nt = U
mutation at pos 217 = G
mutation at pos 217 = C
mutation at pos 217 = A
score = 0.2938
pos = 218
nt = A
mutation at pos 218 = G
mutation at pos 218 = C
mutation at pos 218 = U
score = 0.2018
pos = 219
nt = G
mutation at pos 219 = C
mutation at pos 219 = U
mutation at pos 219 = A
score = 0.1919
pos = 220
nt = A
mutation at pos 220 = G
mutation at pos 220 = C
mutation at pos 220 = U
score = 0.1009
pos = 221
nt = A
mutation at pos 221 = G
mutation at pos 221 = C
mutation at pos 221 = U
score = 0.0
pos = 222
nt = A
mutation at pos 222 = G
mutation at pos 222 = C
mutation at pos 222 = U
score = 0.1958
pos = 223
nt = C
mutation at pos 223 = G
mutation at pos 223 = U
mutation at pos 223 = A
score = 0.0
pos = 224
nt = U
mutation at pos 224 = G
mutation at pos 224 = C
mutation at pos 224 = A
score = 0.0
pos = 225
nt = G
mutation at pos 225 = C
mutation at pos 225 = U
mutation at pos 225 = A
score = 0.0
pos = 226
nt = G
mutation at pos 226 = C
mutation at pos 226 = U
mutation at pos 226 = A
score = 0.0
pos = 227
nt = A
mutation at pos 227 = G
mutation at pos 227 = C
mutation at pos 227 = U
score = 0.002
pos = 228
nt = U
mutation at pos 228 = G
mutation at pos 228 = C
mutation at pos 228 = A
score = 0.004
pos = 229
nt = U
mutation at pos 229 = G
mutation at pos 229 = C
mutation at pos 229 = A
score = 0.2018
pos = 230
nt = A
mutation at pos 230 = G
mutation at pos 230 = C
mutation at pos 230 = U
score = 0.0524
pos = 231
nt = C
mutation at pos 231 = G
mutation at pos 231 = U
mutation at pos 231 = A
score = 0.0376
pos = 232
nt = G
mutation at pos 232 = C
mutation at pos 232 = U
mutation at pos 232 = A
score = 0.2938
pos = 233
nt = A
mutation at pos 233 = G
mutation at pos 233 = C
mutation at pos 233 = U
score = 0.1978
pos = 234
nt = C
mutation at pos 234 = G
mutation at pos 234 = U
mutation at pos 234 = A
score = 0.09
pos = 235
nt = G
mutation at pos 235 = C
mutation at pos 235 = U
mutation at pos 235 = A
score = 0.2265
pos = 236
nt = U
mutation at pos 236 = G
mutation at pos 236 = C
mutation at pos 236 = A
score = 0.1029
pos = 237
nt = C
mutation at pos 237 = G
mutation at pos 237 = U
mutation at pos 237 = A
score = 0.002
pos = 238
nt = U
mutation at pos 238 = G
mutation at pos 238 = C
mutation at pos 238 = A
score = 0.2522
pos = 239
nt = A
mutation at pos 239 = G
mutation at pos 239 = C
mutation at pos 239 = U
score = 0.1929
pos = 240
nt = C
mutation at pos 240 = G
mutation at pos 240 = U
mutation at pos 240 = A
score = 0.3037
pos = 241
nt = C
mutation at pos 241 = G
mutation at pos 241 = U
mutation at pos 241 = A
score = 0.1543
pos = 242
nt = C
mutation at pos 242 = G
mutation at pos 242 = U
mutation at pos 242 = A
score = 0.1068
pos = 243
nt = G
mutation at pos 243 = C
mutation at pos 243 = U
mutation at pos 243 = A
score = 0.004
pos = 244
nt = G
mutation at pos 244 = C
mutation at pos 244 = U
mutation at pos 244 = A
score = 0.09
pos = 245
nt = G
mutation at pos 245 = C
mutation at pos 245 = U
mutation at pos 245 = A
score = 0.0257
pos = 246
nt = A
mutation at pos 246 = G
mutation at pos 246 = C
mutation at pos 246 = U
score = 0.2255
pos = 247
nt = U
mutation at pos 247 = G
mutation at pos 247 = C
mutation at pos 247 = A
score = 0.0326
pos = 248
nt = U
mutation at pos 248 = G
mutation at pos 248 = C
mutation at pos 248 = A
score = 0.0079
pos = 249
nt = C
mutation at pos 249 = G
mutation at pos 249 = U
mutation at pos 249 = A
score = 0.0465
pos = 250
nt = A
mutation at pos 250 = G
mutation at pos 250 = C
mutation at pos 250 = U
score = 0.0099
pos = 251
nt = A
mutation at pos 251 = G
mutation at pos 251 = C
mutation at pos 251 = U
score = 0.004
pos = 252
nt = A
mutation at pos 252 = G
mutation at pos 252 = C
mutation at pos 252 = U
score = 0.1058
pos = 253
nt = C
mutation at pos 253 = G
mutation at pos 253 = U
mutation at pos 253 = A
score = 0.1118
pos = 254
nt = C
mutation at pos 254 = G
mutation at pos 254 = U
mutation at pos 254 = A
score = 0.1879
pos = 255
nt = C
mutation at pos 255 = G
mutation at pos 255 = U
mutation at pos 255 = A
score = 0.1642
pos = 256
nt = G
mutation at pos 256 = C
mutation at pos 256 = U
mutation at pos 256 = A
score = 0.0049
pos = 257
nt = G
mutation at pos 257 = C
mutation at pos 257 = U
mutation at pos 257 = A
score = 0.1177
pos = 258
nt = U
mutation at pos 258 = G
mutation at pos 258 = C
mutation at pos 258 = A
score = 0.2987
pos = 259
nt = C
mutation at pos 259 = G
mutation at pos 259 = U
mutation at pos 259 = A
score = 0.3145
pos = 260
nt = C
mutation at pos 260 = G
mutation at pos 260 = U
mutation at pos 260 = A
score = 0.3165
pos = 261
nt = C
mutation at pos 261 = G
mutation at pos 261 = U
mutation at pos 261 = A
score = 0.3185
pos = 262
nt = C
mutation at pos 262 = G
mutation at pos 262 = U
mutation at pos 262 = A
score = 0.2136
pos = 263
nt = U
mutation at pos 263 = G
mutation at pos 263 = C
mutation at pos 263 = A
score = 0.0129
pos = 264
nt = C
mutation at pos 264 = G
mutation at pos 264 = U
mutation at pos 264 = A
score = 0.1147
pos = 265
nt = C
mutation at pos 265 = G
mutation at pos 265 = U
mutation at pos 265 = A
score = 0.2038
pos = 266
nt = A
mutation at pos 266 = G
mutation at pos 266 = C
mutation at pos 266 = U
score = 0.1019
pos = 267
nt = G
mutation at pos 267 = C
mutation at pos 267 = U
mutation at pos 267 = A
score = 0.3314
pos = 268
nt = A
mutation at pos 268 = G
mutation at pos 268 = C
mutation at pos 268 = U
score = 0.1058
pos = 269
nt = A
mutation at pos 269 = G
mutation at pos 269 = C
mutation at pos 269 = U
score = 0.004
pos = 270
nt = G
mutation at pos 270 = C
mutation at pos 270 = U
mutation at pos 270 = A
score = 0.0
pos = 271
nt = U
mutation at pos 271 = G
mutation at pos 271 = C
mutation at pos 271 = A
score = 0.0
pos = 272
nt = G
mutation at pos 272 = C
mutation at pos 272 = U
mutation at pos 272 = A
score = 0.0
pos = 273
nt = A
mutation at pos 273 = G
mutation at pos 273 = C
mutation at pos 273 = U
score = 0.0
pos = 274
nt = U
mutation at pos 274 = G
mutation at pos 274 = C
mutation at pos 274 = A
score = 0.0059
pos = 275
nt = U
mutation at pos 275 = G
mutation at pos 275 = C
mutation at pos 275 = A
score = 0.0119
pos = 276
nt = C
mutation at pos 276 = G
mutation at pos 276 = U
mutation at pos 276 = A
score = 0.0079
pos = 277
nt = U
mutation at pos 277 = G
mutation at pos 277 = C
mutation at pos 277 = A
score = 0.0059
pos = 278
nt = G
mutation at pos 278 = C
mutation at pos 278 = U
mutation at pos 278 = A
score = 0.3056
pos = 279
nt = G
mutation at pos 279 = C
mutation at pos 279 = U
mutation at pos 279 = A
score = 0.2997
pos = 280
nt = A
mutation at pos 280 = G
mutation at pos 280 = C
mutation at pos 280 = U
score = 0.1098
pos = 281
nt = U
mutation at pos 281 = G
mutation at pos 281 = C
mutation at pos 281 = A
score = 0.1068
pos = 282
nt = G
mutation at pos 282 = C
mutation at pos 282 = U
mutation at pos 282 = A
score = 0.0396
pos = 283
nt = A
mutation at pos 283 = G
mutation at pos 283 = C
mutation at pos 283 = U
score = 0.1058
pos = 284
nt = A
mutation at pos 284 = G
mutation at pos 284 = C
mutation at pos 284 = U
score = 0.004
pos = 285
nt = G
mutation at pos 285 = C
mutation at pos 285 = U
mutation at pos 285 = A
score = 0.004
pos = 286
nt = A
mutation at pos 286 = G
mutation at pos 286 = C
mutation at pos 286 = U
score = 0.0831
pos = 287
nt = G
mutation at pos 287 = C
mutation at pos 287 = U
mutation at pos 287 = A
score = 0.1246
pos = 288
nt = U
mutation at pos 288 = G
mutation at pos 288 = C
mutation at pos 288 = A
score = 0.1306
pos = 289
nt = C
mutation at pos 289 = G
mutation at pos 289 = U
mutation at pos 289 = A
score = 0.004
pos = 290
nt = U
mutation at pos 290 = G
mutation at pos 290 = C
mutation at pos 290 = A
score = 0.1761
pos = 291
nt = G
mutation at pos 291 = C
mutation at pos 291 = U
mutation at pos 291 = A
score = 0.089
pos = 292
nt = U
mutation at pos 292 = G
mutation at pos 292 = C
mutation at pos 292 = A
score = 0.002
pos = 293
nt = G
mutation at pos 293 = C
mutation at pos 293 = U
mutation at pos 293 = A
score = 0.0059
pos = 294
nt = C
mutation at pos 294 = G
mutation at pos 294 = U
mutation at pos 294 = A
score = 0.0059
pos = 295
nt = U
mutation at pos 295 = G
mutation at pos 295 = C
mutation at pos 295 = A
score = 0.0059
pos = 296
nt = U
mutation at pos 296 = G
mutation at pos 296 = C
mutation at pos 296 = A
score = 0.0059
pos = 297
nt = A
mutation at pos 297 = G
mutation at pos 297 = C
mutation at pos 297 = U
score = 0.004
pos = 298
nt = G
mutation at pos 298 = C
mutation at pos 298 = U
mutation at pos 298 = A
score = 0.0079
pos = 299
nt = C
mutation at pos 299 = G
mutation at pos 299 = U
mutation at pos 299 = A
score = 0.004
pos = 300
nt = A
mutation at pos 300 = G
mutation at pos 300 = C
mutation at pos 300 = U
score = 0.004
pos = 301
nt = C
mutation at pos 301 = G
mutation at pos 301 = U
mutation at pos 301 = A
score = 0.004
pos = 302
nt = A
mutation at pos 302 = G
mutation at pos 302 = C
mutation at pos 302 = U
score = 0.0059
pos = 303
nt = C
mutation at pos 303 = G
mutation at pos 303 = U
mutation at pos 303 = A
score = 0.004
pos = 304
nt = U
mutation at pos 304 = G
mutation at pos 304 = C
mutation at pos 304 = A
score = 0.0059
pos = 305
nt = G
mutation at pos 305 = C
mutation at pos 305 = U
mutation at pos 305 = A
score = 0.0059
pos = 306
nt = A
mutation at pos 306 = G
mutation at pos 306 = C
mutation at pos 306 = U
score = 0.004
pos = 307
nt = U
mutation at pos 307 = G
mutation at pos 307 = C
mutation at pos 307 = A
score = 0.0059
pos = 308
nt = G
mutation at pos 308 = C
mutation at pos 308 = U
mutation at pos 308 = A
score = 0.0119
pos = 309
nt = A
mutation at pos 309 = G
mutation at pos 309 = C
mutation at pos 309 = U
score = 0.004
pos = 310
nt = G
mutation at pos 310 = C
mutation at pos 310 = U
mutation at pos 310 = A
score = 0.0059
pos = 311
nt = U
mutation at pos 311 = G
mutation at pos 311 = C
mutation at pos 311 = A
score = 0.0336
pos = 312
nt = C
mutation at pos 312 = G
mutation at pos 312 = U
mutation at pos 312 = A
score = 0.0297
pos = 313
nt = U
mutation at pos 313 = G
mutation at pos 313 = C
mutation at pos 313 = A
score = 0.0772
pos = 314
nt = C
mutation at pos 314 = G
mutation at pos 314 = U
mutation at pos 314 = A
score = 0.0722
pos = 315
nt = U
mutation at pos 315 = G
mutation at pos 315 = C
mutation at pos 315 = A
score = 0.004
pos = 316
nt = G
mutation at pos 316 = C
mutation at pos 316 = U
mutation at pos 316 = A
score = 0.0
pos = 317
nt = A
mutation at pos 317 = G
mutation at pos 317 = C
mutation at pos 317 = U
score = 0.0
pos = 318
nt = A
mutation at pos 318 = G
mutation at pos 318 = C
mutation at pos 318 = U
score = 0.0277
pos = 319
nt = A
mutation at pos 319 = G
mutation at pos 319 = C
mutation at pos 319 = U
score = 0.0
pos = 320
nt = U
mutation at pos 320 = G
mutation at pos 320 = C
mutation at pos 320 = A
score = 0.004
pos = 321
nt = G
mutation at pos 321 = C
mutation at pos 321 = U
mutation at pos 321 = A
score = 0.0593
pos = 322
nt = A
mutation at pos 322 = G
mutation at pos 322 = C
mutation at pos 322 = U
score = 0.0653
pos = 323
nt = G
mutation at pos 323 = C
mutation at pos 323 = U
mutation at pos 323 = A
score = 0.0772
pos = 324
nt = A
mutation at pos 324 = G
mutation at pos 324 = C
mutation at pos 324 = U
score = 0.0732
pos = 325
nt = C
mutation at pos 325 = G
mutation at pos 325 = U
mutation at pos 325 = A
score = 0.0059
pos = 326
nt = G
mutation at pos 326 = C
mutation at pos 326 = U
mutation at pos 326 = A
score = 0.0069
pos = 327
nt = A
mutation at pos 327 = G
mutation at pos 327 = C
mutation at pos 327 = U
score = 0.0237
pos = 328
nt = A
mutation at pos 328 = G
mutation at pos 328 = C
mutation at pos 328 = U
score = 0.004
pos = 329
nt = A
mutation at pos 329 = G
mutation at pos 329 = C
mutation at pos 329 = U
score = 0.004
pos = 330
nt = C
mutation at pos 330 = G
mutation at pos 330 = U
mutation at pos 330 = A
score = 0.0079
pos = 331
nt = U
mutation at pos 331 = G
mutation at pos 331 = C
mutation at pos 331 = A
score = 0.0059
pos = 332
nt = C
mutation at pos 332 = G
mutation at pos 332 = U
mutation at pos 332 = A
score = 0.002
pos = 333
nt = U
mutation at pos 333 = G
mutation at pos 333 = C
mutation at pos 333 = A
score = 0.0
pos = 334
nt = U
mutation at pos 334 = G
mutation at pos 334 = C
mutation at pos 334 = A
score = 0.0
pos = 335
nt = U
mutation at pos 335 = G
mutation at pos 335 = C
mutation at pos 335 = A
score = 0.004
pos = 336
nt = U
mutation at pos 336 = G
mutation at pos 336 = C
mutation at pos 336 = A
score = 0.0
most effective mutation pos = 267 score = 0.3314
