pos = 0
nt = C
mutation at pos 0 = G
mutation at pos 0 = U
mutation at pos 0 = A
mutation at pos 0 = T
score = 0.0028
pos = 1
nt = G
mutation at pos 1 = C
mutation at pos 1 = U
mutation at pos 1 = A
mutation at pos 1 = T
score = 0.0056
pos = 2
nt = G
mutation at pos 2 = C
mutation at pos 2 = U
mutation at pos 2 = A
mutation at pos 2 = T
score = 0.0111
pos = 3
nt = A
mutation at pos 3 = G
mutation at pos 3 = C
mutation at pos 3 = U
mutation at pos 3 = T
score = 0.0042
pos = 4
nt = A
mutation at pos 4 = G
mutation at pos 4 = C
mutation at pos 4 = U
mutation at pos 4 = T
score = 0.0056
pos = 5
nt = C
mutation at pos 5 = G
mutation at pos 5 = U
mutation at pos 5 = A
mutation at pos 5 = T
score = 0.0056
pos = 6
nt = T
mutation at pos 6 = G
mutation at pos 6 = C
mutation at pos 6 = U
mutation at pos 6 = A
score = 0.0056
pos = 7
nt = A
mutation at pos 7 = G
mutation at pos 7 = C
mutation at pos 7 = U
mutation at pos 7 = T
score = 0.0056
pos = 8
nt = A
mutation at pos 8 = G
mutation at pos 8 = C
mutation at pos 8 = U
mutation at pos 8 = T
score = 0.0042
pos = 9
nt = A
mutation at pos 9 = G
mutation at pos 9 = C
mutation at pos 9 = U
mutation at pos 9 = T
score = 0.0028
pos = 10
nt = C
mutation at pos 10 = G
mutation at pos 10 = U
mutation at pos 10 = A
mutation at pos 10 = T
score = 0.0111
pos = 11
nt = T
mutation at pos 11 = G
mutation at pos 11 = C
mutation at pos 11 = U
mutation at pos 11 = A
score = 0.0084
pos = 12
nt = C
mutation at pos 12 = G
mutation at pos 12 = U
mutation at pos 12 = A
mutation at pos 12 = T
score = 0.0042
pos = 13
nt = G
mutation at pos 13 = C
mutation at pos 13 = U
mutation at pos 13 = A
mutation at pos 13 = T
score = 0.0056
pos = 14
nt = T
mutation at pos 14 = G
mutation at pos 14 = C
mutation at pos 14 = U
mutation at pos 14 = A
score = 0.0056
pos = 15
nt = G
mutation at pos 15 = C
mutation at pos 15 = U
mutation at pos 15 = A
mutation at pos 15 = T
score = 0.0056
pos = 16
nt = G
mutation at pos 16 = C
mutation at pos 16 = U
mutation at pos 16 = A
mutation at pos 16 = T
score = 0.0056
pos = 17
nt = T
mutation at pos 17 = G
mutation at pos 17 = C
mutation at pos 17 = U
mutation at pos 17 = A
score = 0.0042
pos = 18
nt = T
mutation at pos 18 = G
mutation at pos 18 = C
mutation at pos 18 = U
mutation at pos 18 = A
score = 0.0042
pos = 19
nt = C
mutation at pos 19 = G
mutation at pos 19 = U
mutation at pos 19 = A
mutation at pos 19 = T
score = 0.0056
pos = 20
nt = C
mutation at pos 20 = G
mutation at pos 20 = U
mutation at pos 20 = A
mutation at pos 20 = T
score = 0.0028
pos = 21
nt = T
mutation at pos 21 = G
mutation at pos 21 = C
mutation at pos 21 = U
mutation at pos 21 = A
score = 0.0056
pos = 22
nt = G
mutation at pos 22 = C
mutation at pos 22 = U
mutation at pos 22 = A
mutation at pos 22 = T
score = 0.0
pos = 23
nt = T
mutation at pos 23 = G
mutation at pos 23 = C
mutation at pos 23 = U
mutation at pos 23 = A
score = 0.0028
pos = 24
nt = G
mutation at pos 24 = C
mutation at pos 24 = U
mutation at pos 24 = A
mutation at pos 24 = T
score = 0.0056
pos = 25
nt = G
mutation at pos 25 = C
mutation at pos 25 = U
mutation at pos 25 = A
mutation at pos 25 = T
score = 0.0097
pos = 26
nt = T
mutation at pos 26 = G
mutation at pos 26 = C
mutation at pos 26 = U
mutation at pos 26 = A
score = 0.0042
pos = 27
nt = T
mutation at pos 27 = G
mutation at pos 27 = C
mutation at pos 27 = U
mutation at pos 27 = A
score = 0.0042
pos = 28
nt = C
mutation at pos 28 = G
mutation at pos 28 = U
mutation at pos 28 = A
mutation at pos 28 = T
score = 0.0056
pos = 29
nt = A
mutation at pos 29 = G
mutation at pos 29 = C
mutation at pos 29 = U
mutation at pos 29 = T
score = 0.0042
pos = 30
nt = C
mutation at pos 30 = G
mutation at pos 30 = U
mutation at pos 30 = A
mutation at pos 30 = T
score = 0.0056
pos = 31
nt = A
mutation at pos 31 = G
mutation at pos 31 = C
mutation at pos 31 = U
mutation at pos 31 = T
score = 0.0139
pos = 32
nt = C
mutation at pos 32 = G
mutation at pos 32 = U
mutation at pos 32 = A
mutation at pos 32 = T
score = 0.0188
pos = 33
nt = C
mutation at pos 33 = G
mutation at pos 33 = U
mutation at pos 33 = A
mutation at pos 33 = T
score = 0.0474
pos = 34
nt = T
mutation at pos 34 = G
mutation at pos 34 = C
mutation at pos 34 = U
mutation at pos 34 = A
score = 0.0028
pos = 35
nt = G
mutation at pos 35 = C
mutation at pos 35 = U
mutation at pos 35 = A
mutation at pos 35 = T
score = 0.0084
pos = 36
nt = A
mutation at pos 36 = G
mutation at pos 36 = C
mutation at pos 36 = U
mutation at pos 36 = T
score = 0.0153
pos = 37
nt = C
mutation at pos 37 = G
mutation at pos 37 = U
mutation at pos 37 = A
mutation at pos 37 = T
score = 0.0014
pos = 38
nt = C
mutation at pos 38 = G
mutation at pos 38 = U
mutation at pos 38 = A
mutation at pos 38 = T
score = 0.0125
pos = 39
nt = T
mutation at pos 39 = G
mutation at pos 39 = C
mutation at pos 39 = U
mutation at pos 39 = A
score = 0.0042
pos = 40
nt = C
mutation at pos 40 = G
mutation at pos 40 = U
mutation at pos 40 = A
mutation at pos 40 = T
score = 0.0056
pos = 41
nt = C
mutation at pos 41 = G
mutation at pos 41 = U
mutation at pos 41 = A
mutation at pos 41 = T
score = 0.0028
pos = 42
nt = T
mutation at pos 42 = G
mutation at pos 42 = C
mutation at pos 42 = U
mutation at pos 42 = A
score = 0.0042
pos = 43
nt = G
mutation at pos 43 = C
mutation at pos 43 = U
mutation at pos 43 = A
mutation at pos 43 = T
score = 0.0042
pos = 44
nt = A
mutation at pos 44 = G
mutation at pos 44 = C
mutation at pos 44 = U
mutation at pos 44 = T
score = 0.0084
pos = 45
nt = G
mutation at pos 45 = C
mutation at pos 45 = U
mutation at pos 45 = A
mutation at pos 45 = T
score = 0.0153
pos = 46
nt = C
mutation at pos 46 = G
mutation at pos 46 = U
mutation at pos 46 = A
mutation at pos 46 = T
score = 0.007
pos = 47
nt = A
mutation at pos 47 = G
mutation at pos 47 = C
mutation at pos 47 = U
mutation at pos 47 = T
score = 0.0084
pos = 48
nt = G
mutation at pos 48 = C
mutation at pos 48 = U
mutation at pos 48 = A
mutation at pos 48 = T
score = 0.0042
pos = 49
nt = A
mutation at pos 49 = G
mutation at pos 49 = C
mutation at pos 49 = U
mutation at pos 49 = T
score = 0.0097
pos = 50
nt = A
mutation at pos 50 = G
mutation at pos 50 = C
mutation at pos 50 = U
mutation at pos 50 = T
score = 0.0028
pos = 51
nt = A
mutation at pos 51 = G
mutation at pos 51 = C
mutation at pos 51 = U
mutation at pos 51 = T
score = 0.0042
pos = 52
nt = A
mutation at pos 52 = G
mutation at pos 52 = C
mutation at pos 52 = U
mutation at pos 52 = T
score = 0.0084
pos = 53
nt = G
mutation at pos 53 = C
mutation at pos 53 = U
mutation at pos 53 = A
mutation at pos 53 = T
score = 0.0223
pos = 54
nt = A
mutation at pos 54 = G
mutation at pos 54 = C
mutation at pos 54 = U
mutation at pos 54 = T
score = 0.0042
pos = 55
nt = A
mutation at pos 55 = G
mutation at pos 55 = C
mutation at pos 55 = U
mutation at pos 55 = T
score = 0.0056
pos = 56
nt = A
mutation at pos 56 = G
mutation at pos 56 = C
mutation at pos 56 = U
mutation at pos 56 = T
score = 0.0042
pos = 57
nt = A
mutation at pos 57 = G
mutation at pos 57 = C
mutation at pos 57 = U
mutation at pos 57 = T
score = 0.0042
pos = 58
nt = A
mutation at pos 58 = G
mutation at pos 58 = C
mutation at pos 58 = U
mutation at pos 58 = T
score = 0.0028
pos = 59
nt = A
mutation at pos 59 = G
mutation at pos 59 = C
mutation at pos 59 = U
mutation at pos 59 = T
score = 0.007
pos = 60
nt = G
mutation at pos 60 = C
mutation at pos 60 = U
mutation at pos 60 = A
mutation at pos 60 = T
score = 0.0084
pos = 61
nt = A
mutation at pos 61 = G
mutation at pos 61 = C
mutation at pos 61 = U
mutation at pos 61 = T
score = 0.0125
pos = 62
nt = A
mutation at pos 62 = G
mutation at pos 62 = C
mutation at pos 62 = U
mutation at pos 62 = T
score = 0.0125
pos = 63
nt = G
mutation at pos 63 = C
mutation at pos 63 = U
mutation at pos 63 = A
mutation at pos 63 = T
score = 0.0125
pos = 64
nt = G
mutation at pos 64 = C
mutation at pos 64 = U
mutation at pos 64 = A
mutation at pos 64 = T
score = 0.0056
pos = 65
nt = C
mutation at pos 65 = G
mutation at pos 65 = U
mutation at pos 65 = A
mutation at pos 65 = T
score = 0.0042
pos = 66
nt = G
mutation at pos 66 = C
mutation at pos 66 = U
mutation at pos 66 = A
mutation at pos 66 = T
score = 0.0111
pos = 67
nt = G
mutation at pos 67 = C
mutation at pos 67 = U
mutation at pos 67 = A
mutation at pos 67 = T
score = 0.0056
pos = 68
nt = C
mutation at pos 68 = G
mutation at pos 68 = U
mutation at pos 68 = A
mutation at pos 68 = T
score = 0.0334
pos = 69
nt = T
mutation at pos 69 = G
mutation at pos 69 = C
mutation at pos 69 = U
mutation at pos 69 = A
score = 0.0084
pos = 70
nt = C
mutation at pos 70 = G
mutation at pos 70 = U
mutation at pos 70 = A
mutation at pos 70 = T
score = 0.0125
pos = 71
nt = G
mutation at pos 71 = C
mutation at pos 71 = U
mutation at pos 71 = A
mutation at pos 71 = T
score = 0.0251
pos = 72
nt = G
mutation at pos 72 = C
mutation at pos 72 = U
mutation at pos 72 = A
mutation at pos 72 = T
score = 0.0167
pos = 73
nt = A
mutation at pos 73 = G
mutation at pos 73 = C
mutation at pos 73 = U
mutation at pos 73 = T
score = 0.0014
pos = 74
nt = G
mutation at pos 74 = C
mutation at pos 74 = U
mutation at pos 74 = A
mutation at pos 74 = T
score = 0.0167
pos = 75
nt = G
mutation at pos 75 = C
mutation at pos 75 = U
mutation at pos 75 = A
mutation at pos 75 = T
score = 0.0084
pos = 76
nt = A
mutation at pos 76 = G
mutation at pos 76 = C
mutation at pos 76 = U
mutation at pos 76 = T
score = 0.0056
pos = 77
nt = G
mutation at pos 77 = C
mutation at pos 77 = U
mutation at pos 77 = A
mutation at pos 77 = T
score = 0.0
pos = 78
nt = C
mutation at pos 78 = G
mutation at pos 78 = U
mutation at pos 78 = A
mutation at pos 78 = T
score = 0.0056
pos = 79
nt = G
mutation at pos 79 = C
mutation at pos 79 = U
mutation at pos 79 = A
mutation at pos 79 = T
score = 0.0167
pos = 80
nt = C
mutation at pos 80 = G
mutation at pos 80 = U
mutation at pos 80 = A
mutation at pos 80 = T
score = 0.0167
pos = 81
nt = T
mutation at pos 81 = G
mutation at pos 81 = C
mutation at pos 81 = U
mutation at pos 81 = A
score = 0.0167
pos = 82
nt = T
mutation at pos 82 = G
mutation at pos 82 = C
mutation at pos 82 = U
mutation at pos 82 = A
score = 0.0209
pos = 83
nt = C
mutation at pos 83 = G
mutation at pos 83 = U
mutation at pos 83 = A
mutation at pos 83 = T
score = 0.0125
pos = 84
nt = A
mutation at pos 84 = G
mutation at pos 84 = C
mutation at pos 84 = U
mutation at pos 84 = T
score = 0.007
pos = 85
nt = G
mutation at pos 85 = C
mutation at pos 85 = U
mutation at pos 85 = A
mutation at pos 85 = T
score = 0.0084
pos = 86
nt = G
mutation at pos 86 = C
mutation at pos 86 = U
mutation at pos 86 = A
mutation at pos 86 = T
score = 0.0028
pos = 87
nt = G
mutation at pos 87 = C
mutation at pos 87 = U
mutation at pos 87 = A
mutation at pos 87 = T
score = 0.0056
pos = 88
nt = A
mutation at pos 88 = G
mutation at pos 88 = C
mutation at pos 88 = U
mutation at pos 88 = T
score = 0.0056
pos = 89
nt = T
mutation at pos 89 = G
mutation at pos 89 = C
mutation at pos 89 = U
mutation at pos 89 = A
score = 0.0042
pos = 90
nt = C
mutation at pos 90 = G
mutation at pos 90 = U
mutation at pos 90 = A
mutation at pos 90 = T
score = 0.0084
pos = 91
nt = C
mutation at pos 91 = G
mutation at pos 91 = U
mutation at pos 91 = A
mutation at pos 91 = T
score = 0.0028
pos = 92
nt = C
mutation at pos 92 = G
mutation at pos 92 = U
mutation at pos 92 = A
mutation at pos 92 = T
score = 0.0056
pos = 93
nt = C
mutation at pos 93 = G
mutation at pos 93 = U
mutation at pos 93 = A
mutation at pos 93 = T
score = 0.032
pos = 94
nt = G
mutation at pos 94 = C
mutation at pos 94 = U
mutation at pos 94 = A
mutation at pos 94 = T
score = 0.0348
pos = 95
nt = G
mutation at pos 95 = C
mutation at pos 95 = U
mutation at pos 95 = A
mutation at pos 95 = T
score = 0.0056
pos = 96
nt = G
mutation at pos 96 = C
mutation at pos 96 = U
mutation at pos 96 = A
mutation at pos 96 = T
score = 0.0056
pos = 97
nt = G
mutation at pos 97 = C
mutation at pos 97 = U
mutation at pos 97 = A
mutation at pos 97 = T
score = 0.0056
pos = 98
nt = A
mutation at pos 98 = G
mutation at pos 98 = C
mutation at pos 98 = U
mutation at pos 98 = T
score = 0.0139
pos = 99
nt = A
mutation at pos 99 = G
mutation at pos 99 = C
mutation at pos 99 = U
mutation at pos 99 = T
score = 0.0084
pos = 100
nt = A
mutation at pos 100 = G
mutation at pos 100 = C
mutation at pos 100 = U
mutation at pos 100 = T
score = 0.0042
pos = 101
nt = C
mutation at pos 101 = G
mutation at pos 101 = U
mutation at pos 101 = A
mutation at pos 101 = T
score = 0.0028
pos = 102
nt = C
mutation at pos 102 = G
mutation at pos 102 = U
mutation at pos 102 = A
mutation at pos 102 = T
score = 0.0028
pos = 103
nt = T
mutation at pos 103 = G
mutation at pos 103 = C
mutation at pos 103 = U
mutation at pos 103 = A
score = 0.0028
pos = 104
nt = G
mutation at pos 104 = C
mutation at pos 104 = U
mutation at pos 104 = A
mutation at pos 104 = T
score = 0.0056
pos = 105
nt = G
mutation at pos 105 = C
mutation at pos 105 = U
mutation at pos 105 = A
mutation at pos 105 = T
score = 0.0042
pos = 106
nt = A
mutation at pos 106 = G
mutation at pos 106 = C
mutation at pos 106 = U
mutation at pos 106 = T
score = 0.0111
pos = 107
nt = G
mutation at pos 107 = C
mutation at pos 107 = U
mutation at pos 107 = A
mutation at pos 107 = T
score = 0.0125
pos = 108
nt = C
mutation at pos 108 = G
mutation at pos 108 = U
mutation at pos 108 = A
mutation at pos 108 = T
score = 0.0028
pos = 109
nt = G
mutation at pos 109 = C
mutation at pos 109 = U
mutation at pos 109 = A
mutation at pos 109 = T
score = 0.0167
pos = 110
nt = A
mutation at pos 110 = G
mutation at pos 110 = C
mutation at pos 110 = U
mutation at pos 110 = T
score = 0.0111
pos = 111
nt = A
mutation at pos 111 = G
mutation at pos 111 = C
mutation at pos 111 = U
mutation at pos 111 = T
score = 0.0042
pos = 112
nt = C
mutation at pos 112 = G
mutation at pos 112 = U
mutation at pos 112 = A
mutation at pos 112 = T
score = 0.007
pos = 113
nt = T
mutation at pos 113 = G
mutation at pos 113 = C
mutation at pos 113 = U
mutation at pos 113 = A
score = 0.0153
pos = 114
nt = G
mutation at pos 114 = C
mutation at pos 114 = U
mutation at pos 114 = A
mutation at pos 114 = T
score = 0.0181
pos = 115
nt = G
mutation at pos 115 = C
mutation at pos 115 = U
mutation at pos 115 = A
mutation at pos 115 = T
score = 0.0167
pos = 116
nt = C
mutation at pos 116 = G
mutation at pos 116 = U
mutation at pos 116 = A
mutation at pos 116 = T
score = 0.0028
pos = 117
nt = A
mutation at pos 117 = G
mutation at pos 117 = C
mutation at pos 117 = U
mutation at pos 117 = T
score = 0.0014
pos = 118
nt = A
mutation at pos 118 = G
mutation at pos 118 = C
mutation at pos 118 = U
mutation at pos 118 = T
score = 0.0028
pos = 119
nt = A
mutation at pos 119 = G
mutation at pos 119 = C
mutation at pos 119 = U
mutation at pos 119 = T
score = 0.0042
pos = 120
nt = A
mutation at pos 120 = G
mutation at pos 120 = C
mutation at pos 120 = U
mutation at pos 120 = T
score = 0.0292
pos = 121
nt = A
mutation at pos 121 = G
mutation at pos 121 = C
mutation at pos 121 = U
mutation at pos 121 = T
score = 0.0209
pos = 122
nt = A
mutation at pos 122 = G
mutation at pos 122 = C
mutation at pos 122 = U
mutation at pos 122 = T
score = 0.0306
pos = 123
nt = G
mutation at pos 123 = C
mutation at pos 123 = U
mutation at pos 123 = A
mutation at pos 123 = T
score = 0.0348
pos = 124
nt = G
mutation at pos 124 = C
mutation at pos 124 = U
mutation at pos 124 = A
mutation at pos 124 = T
score = 0.0056
pos = 125
nt = A
mutation at pos 125 = G
mutation at pos 125 = C
mutation at pos 125 = U
mutation at pos 125 = T
score = 0.0014
pos = 126
nt = C
mutation at pos 126 = G
mutation at pos 126 = U
mutation at pos 126 = A
mutation at pos 126 = T
score = 0.0014
pos = 127
nt = G
mutation at pos 127 = C
mutation at pos 127 = U
mutation at pos 127 = A
mutation at pos 127 = T
score = 0.0056
pos = 128
nt = G
mutation at pos 128 = C
mutation at pos 128 = U
mutation at pos 128 = A
mutation at pos 128 = T
score = 0.0265
pos = 129
nt = T
mutation at pos 129 = G
mutation at pos 129 = C
mutation at pos 129 = U
mutation at pos 129 = A
score = 0.0348
pos = 130
nt = G
mutation at pos 130 = C
mutation at pos 130 = U
mutation at pos 130 = A
mutation at pos 130 = T
score = 0.0084
pos = 131
nt = G
mutation at pos 131 = C
mutation at pos 131 = U
mutation at pos 131 = A
mutation at pos 131 = T
score = 0.0042
pos = 132
nt = G
mutation at pos 132 = C
mutation at pos 132 = U
mutation at pos 132 = A
mutation at pos 132 = T
score = 0.0487
pos = 133
nt = G
mutation at pos 133 = C
mutation at pos 133 = U
mutation at pos 133 = A
mutation at pos 133 = T
score = 0.0056
pos = 134
nt = A
mutation at pos 134 = G
mutation at pos 134 = C
mutation at pos 134 = U
mutation at pos 134 = T
score = 0.032
pos = 135
nt = G
mutation at pos 135 = C
mutation at pos 135 = U
mutation at pos 135 = A
mutation at pos 135 = T
score = 0.0056
pos = 136
nt = T
mutation at pos 136 = G
mutation at pos 136 = C
mutation at pos 136 = U
mutation at pos 136 = A
score = 0.0376
pos = 137
nt = G
mutation at pos 137 = C
mutation at pos 137 = U
mutation at pos 137 = A
mutation at pos 137 = T
score = 0.0251
pos = 138
nt = C
mutation at pos 138 = G
mutation at pos 138 = U
mutation at pos 138 = A
mutation at pos 138 = T
score = 0.0042
pos = 139
nt = C
mutation at pos 139 = G
mutation at pos 139 = U
mutation at pos 139 = A
mutation at pos 139 = T
score = 0.0084
pos = 140
nt = C
mutation at pos 140 = G
mutation at pos 140 = U
mutation at pos 140 = A
mutation at pos 140 = T
score = 0.0056
pos = 141
nt = A
mutation at pos 141 = G
mutation at pos 141 = C
mutation at pos 141 = U
mutation at pos 141 = T
score = 0.0042
pos = 142
nt = G
mutation at pos 142 = C
mutation at pos 142 = U
mutation at pos 142 = A
mutation at pos 142 = T
score = 0.0056
pos = 143
nt = C
mutation at pos 143 = G
mutation at pos 143 = U
mutation at pos 143 = A
mutation at pos 143 = T
score = 0.0111
pos = 144
nt = G
mutation at pos 144 = C
mutation at pos 144 = U
mutation at pos 144 = A
mutation at pos 144 = T
score = 0.0279
pos = 145
nt = G
mutation at pos 145 = C
mutation at pos 145 = U
mutation at pos 145 = A
mutation at pos 145 = T
score = 0.0056
pos = 146
nt = C
mutation at pos 146 = G
mutation at pos 146 = U
mutation at pos 146 = A
mutation at pos 146 = T
score = 0.0014
pos = 147
nt = C
mutation at pos 147 = G
mutation at pos 147 = U
mutation at pos 147 = A
mutation at pos 147 = T
score = 0.0042
pos = 148
nt = G
mutation at pos 148 = C
mutation at pos 148 = U
mutation at pos 148 = A
mutation at pos 148 = T
score = 0.0111
pos = 149
nt = A
mutation at pos 149 = G
mutation at pos 149 = C
mutation at pos 149 = U
mutation at pos 149 = T
score = 0.0042
pos = 150
nt = C
mutation at pos 150 = G
mutation at pos 150 = U
mutation at pos 150 = A
mutation at pos 150 = T
score = 0.0014
pos = 151
nt = A
mutation at pos 151 = G
mutation at pos 151 = C
mutation at pos 151 = U
mutation at pos 151 = T
score = 0.0097
pos = 152
nt = G
mutation at pos 152 = C
mutation at pos 152 = U
mutation at pos 152 = A
mutation at pos 152 = T
score = 0.0279
pos = 153
nt = G
mutation at pos 153 = C
mutation at pos 153 = U
mutation at pos 153 = A
mutation at pos 153 = T
score = 0.0195
pos = 154
nt = A
mutation at pos 154 = G
mutation at pos 154 = C
mutation at pos 154 = U
mutation at pos 154 = T
score = 0.0084
pos = 155
nt = G
mutation at pos 155 = C
mutation at pos 155 = U
mutation at pos 155 = A
mutation at pos 155 = T
score = 0.0125
pos = 156
nt = T
mutation at pos 156 = G
mutation at pos 156 = C
mutation at pos 156 = U
mutation at pos 156 = A
score = 0.0014
pos = 157
nt = A
mutation at pos 157 = G
mutation at pos 157 = C
mutation at pos 157 = U
mutation at pos 157 = T
score = 0.0014
pos = 158
nt = A
mutation at pos 158 = G
mutation at pos 158 = C
mutation at pos 158 = U
mutation at pos 158 = T
score = 0.0111
pos = 159
nt = T
mutation at pos 159 = G
mutation at pos 159 = C
mutation at pos 159 = U
mutation at pos 159 = A
score = 0.0056
pos = 160
nt = T
mutation at pos 160 = G
mutation at pos 160 = C
mutation at pos 160 = U
mutation at pos 160 = A
score = 0.0028
pos = 161
nt = C
mutation at pos 161 = G
mutation at pos 161 = U
mutation at pos 161 = A
mutation at pos 161 = T
score = 0.0056
pos = 162
nt = C
mutation at pos 162 = G
mutation at pos 162 = U
mutation at pos 162 = A
mutation at pos 162 = T
score = 0.0195
pos = 163
nt = C
mutation at pos 163 = G
mutation at pos 163 = U
mutation at pos 163 = A
mutation at pos 163 = T
score = 0.0153
pos = 164
nt = G
mutation at pos 164 = C
mutation at pos 164 = U
mutation at pos 164 = A
mutation at pos 164 = T
score = 0.0056
pos = 165
nt = C
mutation at pos 165 = G
mutation at pos 165 = U
mutation at pos 165 = A
mutation at pos 165 = T
score = 0.0028
pos = 166
nt = C
mutation at pos 166 = G
mutation at pos 166 = U
mutation at pos 166 = A
mutation at pos 166 = T
score = 0.0028
pos = 167
nt = G
mutation at pos 167 = C
mutation at pos 167 = U
mutation at pos 167 = A
mutation at pos 167 = T
score = 0.0056
pos = 168
nt = A
mutation at pos 168 = G
mutation at pos 168 = C
mutation at pos 168 = U
mutation at pos 168 = T
score = 0.0167
pos = 169
nt = A
mutation at pos 169 = G
mutation at pos 169 = C
mutation at pos 169 = U
mutation at pos 169 = T
score = 0.0084
pos = 170
nt = A
mutation at pos 170 = G
mutation at pos 170 = C
mutation at pos 170 = U
mutation at pos 170 = T
score = 0.0042
pos = 171
nt = C
mutation at pos 171 = G
mutation at pos 171 = U
mutation at pos 171 = A
mutation at pos 171 = T
score = 0.0028
pos = 172
nt = A
mutation at pos 172 = G
mutation at pos 172 = C
mutation at pos 172 = U
mutation at pos 172 = T
score = 0.0042
pos = 173
nt = G
mutation at pos 173 = C
mutation at pos 173 = U
mutation at pos 173 = A
mutation at pos 173 = T
score = 0.0111
pos = 174
nt = G
mutation at pos 174 = C
mutation at pos 174 = U
mutation at pos 174 = A
mutation at pos 174 = T
score = 0.0139
pos = 175
nt = G
mutation at pos 175 = C
mutation at pos 175 = U
mutation at pos 175 = A
mutation at pos 175 = T
score = 0.0153
pos = 176
nt = T
mutation at pos 176 = G
mutation at pos 176 = C
mutation at pos 176 = U
mutation at pos 176 = A
score = 0.0042
pos = 177
nt = T
mutation at pos 177 = G
mutation at pos 177 = C
mutation at pos 177 = U
mutation at pos 177 = A
score = 0.0
pos = 178
nt = T
mutation at pos 178 = G
mutation at pos 178 = C
mutation at pos 178 = U
mutation at pos 178 = A
score = 0.0
pos = 179
nt = T
mutation at pos 179 = G
mutation at pos 179 = C
mutation at pos 179 = U
mutation at pos 179 = A
score = 0.0
pos = 180
nt = C
mutation at pos 180 = G
mutation at pos 180 = U
mutation at pos 180 = A
mutation at pos 180 = T
score = 0.0
pos = 181
nt = A
mutation at pos 181 = G
mutation at pos 181 = C
mutation at pos 181 = U
mutation at pos 181 = T
score = 0.0042
pos = 182
nt = C
mutation at pos 182 = G
mutation at pos 182 = U
mutation at pos 182 = A
mutation at pos 182 = T
score = 0.0028
pos = 183
nt = C
mutation at pos 183 = G
mutation at pos 183 = U
mutation at pos 183 = A
mutation at pos 183 = T
score = 0.0042
pos = 184
nt = C
mutation at pos 184 = G
mutation at pos 184 = U
mutation at pos 184 = A
mutation at pos 184 = T
score = 0.0097
pos = 185
nt = T
mutation at pos 185 = G
mutation at pos 185 = C
mutation at pos 185 = U
mutation at pos 185 = A
score = 0.0056
pos = 186
nt = T
mutation at pos 186 = G
mutation at pos 186 = C
mutation at pos 186 = U
mutation at pos 186 = A
score = 0.0014
pos = 187
nt = C
mutation at pos 187 = G
mutation at pos 187 = U
mutation at pos 187 = A
mutation at pos 187 = T
score = 0.0028
pos = 188
nt = C
mutation at pos 188 = G
mutation at pos 188 = U
mutation at pos 188 = A
mutation at pos 188 = T
score = 0.0014
pos = 189
nt = T
mutation at pos 189 = G
mutation at pos 189 = C
mutation at pos 189 = U
mutation at pos 189 = A
score = 0.0042
pos = 190
nt = T
mutation at pos 190 = G
mutation at pos 190 = C
mutation at pos 190 = U
mutation at pos 190 = A
score = 0.0084
pos = 191
nt = T
mutation at pos 191 = G
mutation at pos 191 = C
mutation at pos 191 = U
mutation at pos 191 = A
score = 0.0097
pos = 192
nt = C
mutation at pos 192 = G
mutation at pos 192 = U
mutation at pos 192 = A
mutation at pos 192 = T
score = 0.0028
pos = 193
nt = T
mutation at pos 193 = G
mutation at pos 193 = C
mutation at pos 193 = U
mutation at pos 193 = A
score = 0.0014
pos = 194
nt = T
mutation at pos 194 = G
mutation at pos 194 = C
mutation at pos 194 = U
mutation at pos 194 = A
score = 0.0014
pos = 195
nt = C
mutation at pos 195 = G
mutation at pos 195 = U
mutation at pos 195 = A
mutation at pos 195 = T
score = 0.0028
pos = 196
nt = G
mutation at pos 196 = C
mutation at pos 196 = U
mutation at pos 196 = A
mutation at pos 196 = T
score = 0.0097
pos = 197
nt = G
mutation at pos 197 = C
mutation at pos 197 = U
mutation at pos 197 = A
mutation at pos 197 = T
score = 0.0111
pos = 198
nt = G
mutation at pos 198 = C
mutation at pos 198 = U
mutation at pos 198 = A
mutation at pos 198 = T
score = 0.0056
pos = 199
nt = T
mutation at pos 199 = G
mutation at pos 199 = C
mutation at pos 199 = U
mutation at pos 199 = A
score = 0.0028
pos = 200
nt = G
mutation at pos 200 = C
mutation at pos 200 = U
mutation at pos 200 = A
mutation at pos 200 = T
score = 0.0111
pos = 201
nt = T
mutation at pos 201 = G
mutation at pos 201 = C
mutation at pos 201 = U
mutation at pos 201 = A
score = 0.0084
pos = 202
nt = C
mutation at pos 202 = G
mutation at pos 202 = U
mutation at pos 202 = A
mutation at pos 202 = T
score = 0.0139
pos = 203
nt = C
mutation at pos 203 = G
mutation at pos 203 = U
mutation at pos 203 = A
mutation at pos 203 = T
score = 0.0014
pos = 204
nt = T
mutation at pos 204 = G
mutation at pos 204 = C
mutation at pos 204 = U
mutation at pos 204 = A
score = 0.0028
pos = 205
nt = T
mutation at pos 205 = G
mutation at pos 205 = C
mutation at pos 205 = U
mutation at pos 205 = A
score = 0.0195
pos = 206
nt = C
mutation at pos 206 = G
mutation at pos 206 = U
mutation at pos 206 = A
mutation at pos 206 = T
score = 0.0223
pos = 207
nt = C
mutation at pos 207 = G
mutation at pos 207 = U
mutation at pos 207 = A
mutation at pos 207 = T
score = 0.0292
pos = 208
nt = T
mutation at pos 208 = G
mutation at pos 208 = C
mutation at pos 208 = U
mutation at pos 208 = A
score = 0.0042
pos = 209
nt = C
mutation at pos 209 = G
mutation at pos 209 = U
mutation at pos 209 = A
mutation at pos 209 = T
score = 0.0014
pos = 210
nt = G
mutation at pos 210 = C
mutation at pos 210 = U
mutation at pos 210 = A
mutation at pos 210 = T
score = 0.0028
pos = 211
nt = C
mutation at pos 211 = G
mutation at pos 211 = U
mutation at pos 211 = A
mutation at pos 211 = T
score = 0.0181
pos = 212
nt = G
mutation at pos 212 = C
mutation at pos 212 = U
mutation at pos 212 = A
mutation at pos 212 = T
score = 0.0167
pos = 213
nt = C
mutation at pos 213 = G
mutation at pos 213 = U
mutation at pos 213 = A
mutation at pos 213 = T
score = 0.0014
pos = 214
nt = C
mutation at pos 214 = G
mutation at pos 214 = U
mutation at pos 214 = A
mutation at pos 214 = T
score = 0.0223
pos = 215
nt = C
mutation at pos 215 = G
mutation at pos 215 = U
mutation at pos 215 = A
mutation at pos 215 = T
score = 0.0223
pos = 216
nt = G
mutation at pos 216 = C
mutation at pos 216 = U
mutation at pos 216 = A
mutation at pos 216 = T
score = 0.0306
pos = 217
nt = C
mutation at pos 217 = G
mutation at pos 217 = U
mutation at pos 217 = A
mutation at pos 217 = T
score = 0.0028
pos = 218
nt = A
mutation at pos 218 = G
mutation at pos 218 = C
mutation at pos 218 = U
mutation at pos 218 = T
score = 0.0042
pos = 219
nt = G
mutation at pos 219 = C
mutation at pos 219 = U
mutation at pos 219 = A
mutation at pos 219 = T
score = 0.0084
pos = 220
nt = G
mutation at pos 220 = C
mutation at pos 220 = U
mutation at pos 220 = A
mutation at pos 220 = T
score = 0.0571
pos = 221
nt = A
mutation at pos 221 = G
mutation at pos 221 = C
mutation at pos 221 = U
mutation at pos 221 = T
score = 0.0014
pos = 222
nt = C
mutation at pos 222 = G
mutation at pos 222 = U
mutation at pos 222 = A
mutation at pos 222 = T
score = 0.0014
pos = 223
nt = C
mutation at pos 223 = G
mutation at pos 223 = U
mutation at pos 223 = A
mutation at pos 223 = T
score = 0.0028
pos = 224
nt = A
mutation at pos 224 = G
mutation at pos 224 = C
mutation at pos 224 = U
mutation at pos 224 = T
score = 0.0474
pos = 225
nt = C
mutation at pos 225 = G
mutation at pos 225 = U
mutation at pos 225 = A
mutation at pos 225 = T
score = 0.0042
pos = 226
nt = C
mutation at pos 226 = G
mutation at pos 226 = U
mutation at pos 226 = A
mutation at pos 226 = T
score = 0.0028
pos = 227
nt = C
mutation at pos 227 = G
mutation at pos 227 = U
mutation at pos 227 = A
mutation at pos 227 = T
score = 0.0028
pos = 228
nt = C
mutation at pos 228 = G
mutation at pos 228 = U
mutation at pos 228 = A
mutation at pos 228 = T
score = 0.0334
pos = 229
nt = T
mutation at pos 229 = G
mutation at pos 229 = C
mutation at pos 229 = U
mutation at pos 229 = A
score = 0.0028
pos = 230
nt = C
mutation at pos 230 = G
mutation at pos 230 = U
mutation at pos 230 = A
mutation at pos 230 = T
score = 0.0028
pos = 231
nt = G
mutation at pos 231 = C
mutation at pos 231 = U
mutation at pos 231 = A
mutation at pos 231 = T
score = 0.0056
pos = 232
nt = C
mutation at pos 232 = G
mutation at pos 232 = U
mutation at pos 232 = A
mutation at pos 232 = T
score = 0.0432
pos = 233
nt = C
mutation at pos 233 = G
mutation at pos 233 = U
mutation at pos 233 = A
mutation at pos 233 = T
score = 0.0056
pos = 234
nt = C
mutation at pos 234 = G
mutation at pos 234 = U
mutation at pos 234 = A
mutation at pos 234 = T
score = 0.0042
pos = 235
nt = C
mutation at pos 235 = G
mutation at pos 235 = U
mutation at pos 235 = A
mutation at pos 235 = T
score = 0.0265
pos = 236
nt = C
mutation at pos 236 = G
mutation at pos 236 = U
mutation at pos 236 = A
mutation at pos 236 = T
score = 0.0223
pos = 237
nt = T
mutation at pos 237 = G
mutation at pos 237 = C
mutation at pos 237 = U
mutation at pos 237 = A
score = 0.0209
pos = 238
nt = T
mutation at pos 238 = G
mutation at pos 238 = C
mutation at pos 238 = U
mutation at pos 238 = A
score = 0.0167
pos = 239
nt = T
mutation at pos 239 = G
mutation at pos 239 = C
mutation at pos 239 = U
mutation at pos 239 = A
score = 0.0042
pos = 240
nt = G
mutation at pos 240 = C
mutation at pos 240 = U
mutation at pos 240 = A
mutation at pos 240 = T
score = 0.0028
pos = 241
nt = C
mutation at pos 241 = G
mutation at pos 241 = U
mutation at pos 241 = A
mutation at pos 241 = T
score = 0.0028
pos = 242
nt = G
mutation at pos 242 = C
mutation at pos 242 = U
mutation at pos 242 = A
mutation at pos 242 = T
score = 0.0237
pos = 243
nt = C
mutation at pos 243 = G
mutation at pos 243 = U
mutation at pos 243 = A
mutation at pos 243 = T
score = 0.0279
pos = 244
nt = T
mutation at pos 244 = G
mutation at pos 244 = C
mutation at pos 244 = U
mutation at pos 244 = A
score = 0.0153
pos = 245
nt = G
mutation at pos 245 = C
mutation at pos 245 = U
mutation at pos 245 = A
mutation at pos 245 = T
score = 0.0042
pos = 246
nt = T
mutation at pos 246 = G
mutation at pos 246 = C
mutation at pos 246 = U
mutation at pos 246 = A
score = 0.0084
pos = 247
nt = C
mutation at pos 247 = G
mutation at pos 247 = U
mutation at pos 247 = A
mutation at pos 247 = T
score = 0.0084
pos = 248
nt = G
mutation at pos 248 = C
mutation at pos 248 = U
mutation at pos 248 = A
mutation at pos 248 = T
score = 0.0056
pos = 249
nt = C
mutation at pos 249 = G
mutation at pos 249 = U
mutation at pos 249 = A
mutation at pos 249 = T
score = 0.0111
pos = 250
nt = T
mutation at pos 250 = G
mutation at pos 250 = C
mutation at pos 250 = U
mutation at pos 250 = A
score = 0.0042
pos = 251
nt = T
mutation at pos 251 = G
mutation at pos 251 = C
mutation at pos 251 = U
mutation at pos 251 = A
score = 0.0028
pos = 252
nt = C
mutation at pos 252 = G
mutation at pos 252 = U
mutation at pos 252 = A
mutation at pos 252 = T
score = 0.0028
pos = 253
nt = G
mutation at pos 253 = C
mutation at pos 253 = U
mutation at pos 253 = A
mutation at pos 253 = T
score = 0.007
pos = 254
nt = G
mutation at pos 254 = C
mutation at pos 254 = U
mutation at pos 254 = A
mutation at pos 254 = T
score = 0.0056
pos = 255
nt = C
mutation at pos 255 = G
mutation at pos 255 = U
mutation at pos 255 = A
mutation at pos 255 = T
score = 0.0111
pos = 256
nt = T
mutation at pos 256 = G
mutation at pos 256 = C
mutation at pos 256 = U
mutation at pos 256 = A
score = 0.0
pos = 257
nt = A
mutation at pos 257 = G
mutation at pos 257 = C
mutation at pos 257 = U
mutation at pos 257 = T
score = 0.0
pos = 258
nt = C
mutation at pos 258 = G
mutation at pos 258 = U
mutation at pos 258 = A
mutation at pos 258 = T
score = 0.0
pos = 259
nt = T
mutation at pos 259 = G
mutation at pos 259 = C
mutation at pos 259 = U
mutation at pos 259 = A
score = 0.0
pos = 260
nt = A
mutation at pos 260 = G
mutation at pos 260 = C
mutation at pos 260 = U
mutation at pos 260 = T
score = 0.0084
pos = 261
nt = C
mutation at pos 261 = G
mutation at pos 261 = U
mutation at pos 261 = A
mutation at pos 261 = T
score = 0.0028
pos = 262
nt = C
mutation at pos 262 = G
mutation at pos 262 = U
mutation at pos 262 = A
mutation at pos 262 = T
score = 0.0613
pos = 263
nt = C
mutation at pos 263 = G
mutation at pos 263 = U
mutation at pos 263 = A
mutation at pos 263 = T
score = 0.032
pos = 264
nt = G
mutation at pos 264 = C
mutation at pos 264 = U
mutation at pos 264 = A
mutation at pos 264 = T
score = 0.0348
pos = 265
nt = G
mutation at pos 265 = C
mutation at pos 265 = U
mutation at pos 265 = A
mutation at pos 265 = T
score = 0.0056
pos = 266
nt = T
mutation at pos 266 = G
mutation at pos 266 = C
mutation at pos 266 = U
mutation at pos 266 = A
score = 0.0014
pos = 267
nt = G
mutation at pos 267 = C
mutation at pos 267 = U
mutation at pos 267 = A
mutation at pos 267 = T
score = 0.0056
pos = 268
nt = G
mutation at pos 268 = C
mutation at pos 268 = U
mutation at pos 268 = A
mutation at pos 268 = T
score = 0.0139
pos = 269
nt = A
mutation at pos 269 = G
mutation at pos 269 = C
mutation at pos 269 = U
mutation at pos 269 = T
score = 0.0042
pos = 270
nt = A
mutation at pos 270 = G
mutation at pos 270 = C
mutation at pos 270 = U
mutation at pos 270 = T
score = 0.0028
pos = 271
nt = A
mutation at pos 271 = G
mutation at pos 271 = C
mutation at pos 271 = U
mutation at pos 271 = T
score = 0.0111
pos = 272
nt = C
mutation at pos 272 = G
mutation at pos 272 = U
mutation at pos 272 = A
mutation at pos 272 = T
score = 0.0
pos = 273
nt = A
mutation at pos 273 = G
mutation at pos 273 = C
mutation at pos 273 = U
mutation at pos 273 = T
score = 0.0084
pos = 274
nt = A
mutation at pos 274 = G
mutation at pos 274 = C
mutation at pos 274 = U
mutation at pos 274 = T
score = 0.0042
pos = 275
nt = C
mutation at pos 275 = G
mutation at pos 275 = U
mutation at pos 275 = A
mutation at pos 275 = T
score = 0.0028
pos = 276
nt = T
mutation at pos 276 = G
mutation at pos 276 = C
mutation at pos 276 = U
mutation at pos 276 = A
score = 0.0153
pos = 277
nt = G
mutation at pos 277 = C
mutation at pos 277 = U
mutation at pos 277 = A
mutation at pos 277 = T
score = 0.0446
pos = 278
nt = A
mutation at pos 278 = G
mutation at pos 278 = C
mutation at pos 278 = U
mutation at pos 278 = T
score = 0.0209
pos = 279
nt = A
mutation at pos 279 = G
mutation at pos 279 = C
mutation at pos 279 = U
mutation at pos 279 = T
score = 0.0125
pos = 280
nt = G
mutation at pos 280 = C
mutation at pos 280 = U
mutation at pos 280 = A
mutation at pos 280 = T
score = 0.0125
pos = 281
nt = C
mutation at pos 281 = G
mutation at pos 281 = U
mutation at pos 281 = A
mutation at pos 281 = T
score = 0.007
pos = 282
nt = T
mutation at pos 282 = G
mutation at pos 282 = C
mutation at pos 282 = U
mutation at pos 282 = A
score = 0.0056
pos = 283
nt = C
mutation at pos 283 = G
mutation at pos 283 = U
mutation at pos 283 = A
mutation at pos 283 = T
score = 0.0084
pos = 284
nt = C
mutation at pos 284 = G
mutation at pos 284 = U
mutation at pos 284 = A
mutation at pos 284 = T
score = 0.0195
pos = 285
nt = C
mutation at pos 285 = G
mutation at pos 285 = U
mutation at pos 285 = A
mutation at pos 285 = T
score = 0.0334
pos = 286
nt = G
mutation at pos 286 = C
mutation at pos 286 = U
mutation at pos 286 = A
mutation at pos 286 = T
score = 0.0251
pos = 287
nt = A
mutation at pos 287 = G
mutation at pos 287 = C
mutation at pos 287 = U
mutation at pos 287 = T
score = 0.0209
pos = 288
nt = G
mutation at pos 288 = C
mutation at pos 288 = U
mutation at pos 288 = A
mutation at pos 288 = T
score = 0.0056
pos = 289
nt = A
mutation at pos 289 = G
mutation at pos 289 = C
mutation at pos 289 = U
mutation at pos 289 = T
score = 0.0014
pos = 290
nt = A
mutation at pos 290 = G
mutation at pos 290 = C
mutation at pos 290 = U
mutation at pos 290 = T
score = 0.0084
pos = 291
nt = C
mutation at pos 291 = G
mutation at pos 291 = U
mutation at pos 291 = A
mutation at pos 291 = T
score = 0.0028
pos = 292
nt = C
mutation at pos 292 = G
mutation at pos 292 = U
mutation at pos 292 = A
mutation at pos 292 = T
score = 0.0056
pos = 293
nt = G
mutation at pos 293 = C
mutation at pos 293 = U
mutation at pos 293 = A
mutation at pos 293 = T
score = 0.0139
pos = 294
nt = C
mutation at pos 294 = G
mutation at pos 294 = U
mutation at pos 294 = A
mutation at pos 294 = T
score = 0.0042
pos = 295
nt = T
mutation at pos 295 = G
mutation at pos 295 = C
mutation at pos 295 = U
mutation at pos 295 = A
score = 0.0042
pos = 296
nt = T
mutation at pos 296 = G
mutation at pos 296 = C
mutation at pos 296 = U
mutation at pos 296 = A
score = 0.007
pos = 297
nt = T
mutation at pos 297 = G
mutation at pos 297 = C
mutation at pos 297 = U
mutation at pos 297 = A
score = 0.0084
pos = 298
nt = T
mutation at pos 298 = G
mutation at pos 298 = C
mutation at pos 298 = U
mutation at pos 298 = A
score = 0.0056
pos = 299
nt = T
mutation at pos 299 = G
mutation at pos 299 = C
mutation at pos 299 = U
mutation at pos 299 = A
score = 0.0042
pos = 300
nt = C
mutation at pos 300 = G
mutation at pos 300 = U
mutation at pos 300 = A
mutation at pos 300 = T
score = 0.0056
pos = 301
nt = T
mutation at pos 301 = G
mutation at pos 301 = C
mutation at pos 301 = U
mutation at pos 301 = A
score = 0.0
pos = 302
nt = C
mutation at pos 302 = G
mutation at pos 302 = U
mutation at pos 302 = A
mutation at pos 302 = T
score = 0.0084
pos = 303
nt = T
mutation at pos 303 = G
mutation at pos 303 = C
mutation at pos 303 = U
mutation at pos 303 = A
score = 0.0
pos = 304
nt = A
mutation at pos 304 = G
mutation at pos 304 = C
mutation at pos 304 = U
mutation at pos 304 = T
score = 0.0056
pos = 305
nt = T
mutation at pos 305 = G
mutation at pos 305 = C
mutation at pos 305 = U
mutation at pos 305 = A
score = 0.0042
pos = 306
nt = C
mutation at pos 306 = G
mutation at pos 306 = U
mutation at pos 306 = A
mutation at pos 306 = T
score = 0.0195
pos = 307
nt = T
mutation at pos 307 = G
mutation at pos 307 = C
mutation at pos 307 = U
mutation at pos 307 = A
score = 0.0084
pos = 308
nt = T
mutation at pos 308 = G
mutation at pos 308 = C
mutation at pos 308 = U
mutation at pos 308 = A
score = 0.0042
pos = 309
nt = A
mutation at pos 309 = G
mutation at pos 309 = C
mutation at pos 309 = U
mutation at pos 309 = T
score = 0.0028
pos = 310
nt = C
mutation at pos 310 = G
mutation at pos 310 = U
mutation at pos 310 = A
mutation at pos 310 = T
score = 0.0028
pos = 311
nt = T
mutation at pos 311 = G
mutation at pos 311 = C
mutation at pos 311 = U
mutation at pos 311 = A
score = 0.0028
pos = 312
nt = T
mutation at pos 312 = G
mutation at pos 312 = C
mutation at pos 312 = U
mutation at pos 312 = A
score = 0.0056
pos = 313
nt = G
mutation at pos 313 = C
mutation at pos 313 = U
mutation at pos 313 = A
mutation at pos 313 = T
score = 0.0209
pos = 314
nt = C
mutation at pos 314 = G
mutation at pos 314 = U
mutation at pos 314 = A
mutation at pos 314 = T
score = 0.0084
pos = 315
nt = T
mutation at pos 315 = G
mutation at pos 315 = C
mutation at pos 315 = U
mutation at pos 315 = A
score = 0.0084
pos = 316
nt = T
mutation at pos 316 = G
mutation at pos 316 = C
mutation at pos 316 = U
mutation at pos 316 = A
score = 0.0042
pos = 317
nt = C
mutation at pos 317 = G
mutation at pos 317 = U
mutation at pos 317 = A
mutation at pos 317 = T
score = 0.0028
pos = 318
nt = G
mutation at pos 318 = C
mutation at pos 318 = U
mutation at pos 318 = A
mutation at pos 318 = T
score = 0.007
pos = 319
nt = G
mutation at pos 319 = C
mutation at pos 319 = U
mutation at pos 319 = A
mutation at pos 319 = T
score = 0.0139
pos = 320
nt = G
mutation at pos 320 = C
mutation at pos 320 = U
mutation at pos 320 = A
mutation at pos 320 = T
score = 0.0084
pos = 321
nt = G
mutation at pos 321 = C
mutation at pos 321 = U
mutation at pos 321 = A
mutation at pos 321 = T
score = 0.0153
pos = 322
nt = C
mutation at pos 322 = G
mutation at pos 322 = U
mutation at pos 322 = A
mutation at pos 322 = T
score = 0.0125
pos = 323
nt = G
mutation at pos 323 = C
mutation at pos 323 = U
mutation at pos 323 = A
mutation at pos 323 = T
score = 0.0
pos = 324
nt = A
mutation at pos 324 = G
mutation at pos 324 = C
mutation at pos 324 = U
mutation at pos 324 = T
score = 0.007
pos = 325
nt = G
mutation at pos 325 = C
mutation at pos 325 = U
mutation at pos 325 = A
mutation at pos 325 = T
score = 0.0042
pos = 326
nt = G
mutation at pos 326 = C
mutation at pos 326 = U
mutation at pos 326 = A
mutation at pos 326 = T
score = 0.0167
pos = 327
nt = G
mutation at pos 327 = C
mutation at pos 327 = U
mutation at pos 327 = A
mutation at pos 327 = T
score = 0.0111
pos = 328
nt = T
mutation at pos 328 = G
mutation at pos 328 = C
mutation at pos 328 = U
mutation at pos 328 = A
score = 0.0334
pos = 329
nt = G
mutation at pos 329 = C
mutation at pos 329 = U
mutation at pos 329 = A
mutation at pos 329 = T
score = 0.0111
pos = 330
nt = T
mutation at pos 330 = G
mutation at pos 330 = C
mutation at pos 330 = U
mutation at pos 330 = A
score = 0.007
pos = 331
nt = T
mutation at pos 331 = G
mutation at pos 331 = C
mutation at pos 331 = U
mutation at pos 331 = A
score = 0.0014
pos = 332
nt = T
mutation at pos 332 = G
mutation at pos 332 = C
mutation at pos 332 = U
mutation at pos 332 = A
score = 0.0028
pos = 333
nt = A
mutation at pos 333 = G
mutation at pos 333 = C
mutation at pos 333 = U
mutation at pos 333 = T
score = 0.0042
pos = 334
nt = G
mutation at pos 334 = C
mutation at pos 334 = U
mutation at pos 334 = A
mutation at pos 334 = T
score = 0.007
pos = 335
nt = C
mutation at pos 335 = G
mutation at pos 335 = U
mutation at pos 335 = A
mutation at pos 335 = T
score = 0.0111
pos = 336
nt = C
mutation at pos 336 = G
mutation at pos 336 = U
mutation at pos 336 = A
mutation at pos 336 = T
score = 0.0111
pos = 337
nt = C
mutation at pos 337 = G
mutation at pos 337 = U
mutation at pos 337 = A
mutation at pos 337 = T
score = 0.0042
pos = 338
nt = T
mutation at pos 338 = G
mutation at pos 338 = C
mutation at pos 338 = U
mutation at pos 338 = A
score = 0.0056
pos = 339
nt = T
mutation at pos 339 = G
mutation at pos 339 = C
mutation at pos 339 = U
mutation at pos 339 = A
score = 0.0056
pos = 340
nt = G
mutation at pos 340 = C
mutation at pos 340 = U
mutation at pos 340 = A
mutation at pos 340 = T
score = 0.0056
pos = 341
nt = G
mutation at pos 341 = C
mutation at pos 341 = U
mutation at pos 341 = A
mutation at pos 341 = T
score = 0.0292
pos = 342
nt = A
mutation at pos 342 = G
mutation at pos 342 = C
mutation at pos 342 = U
mutation at pos 342 = T
score = 0.0042
pos = 343
nt = A
mutation at pos 343 = G
mutation at pos 343 = C
mutation at pos 343 = U
mutation at pos 343 = T
score = 0.0042
pos = 344
nt = C
mutation at pos 344 = G
mutation at pos 344 = U
mutation at pos 344 = A
mutation at pos 344 = T
score = 0.0042
pos = 345
nt = C
mutation at pos 345 = G
mutation at pos 345 = U
mutation at pos 345 = A
mutation at pos 345 = T
score = 0.0028
pos = 346
nt = G
mutation at pos 346 = C
mutation at pos 346 = U
mutation at pos 346 = A
mutation at pos 346 = T
score = 0.0084
pos = 347
nt = C
mutation at pos 347 = G
mutation at pos 347 = U
mutation at pos 347 = A
mutation at pos 347 = T
score = 0.0056
pos = 348
nt = A
mutation at pos 348 = G
mutation at pos 348 = C
mutation at pos 348 = U
mutation at pos 348 = T
score = 0.0111
pos = 349
nt = G
mutation at pos 349 = C
mutation at pos 349 = U
mutation at pos 349 = A
mutation at pos 349 = T
score = 0.0111
pos = 350
nt = T
mutation at pos 350 = G
mutation at pos 350 = C
mutation at pos 350 = U
mutation at pos 350 = A
score = 0.0042
pos = 351
nt = T
mutation at pos 351 = G
mutation at pos 351 = C
mutation at pos 351 = U
mutation at pos 351 = A
score = 0.0084
pos = 352
nt = G
mutation at pos 352 = C
mutation at pos 352 = U
mutation at pos 352 = A
mutation at pos 352 = T
score = 0.0056
pos = 353
nt = G
mutation at pos 353 = C
mutation at pos 353 = U
mutation at pos 353 = A
mutation at pos 353 = T
score = 0.0167
pos = 354
nt = T
mutation at pos 354 = G
mutation at pos 354 = C
mutation at pos 354 = U
mutation at pos 354 = A
score = 0.0056
pos = 355
nt = T
mutation at pos 355 = G
mutation at pos 355 = C
mutation at pos 355 = U
mutation at pos 355 = A
score = 0.0042
pos = 356
nt = C
mutation at pos 356 = G
mutation at pos 356 = U
mutation at pos 356 = A
mutation at pos 356 = T
score = 0.0056
pos = 357
nt = C
mutation at pos 357 = G
mutation at pos 357 = U
mutation at pos 357 = A
mutation at pos 357 = T
score = 0.0028
pos = 358
nt = T
mutation at pos 358 = G
mutation at pos 358 = C
mutation at pos 358 = U
mutation at pos 358 = A
score = 0.0014
most effective mutation pos = 262 score = 0.0613
